Log file open, 08/25/20 21:49:05
LogInit: Display: Running engine for game: FireWarrior
LogPlatformFile: Not using cached read wrapper
LogTaskGraph: Started task graph with 5 named threads and 23 total threads with 3 sets of task threads.
LogStats: Stats thread started at 0.228629
LogD3D11RHI: Loaded GFSDK_Aftermath_Lib.x64.dll
LogICUInternationalization: ICU TimeZone Detection - Raw Offset: -5:00, Platform Override: ''
LogPluginManager: Mounting plugin Paper2D
LogPluginManager: Mounting plugin AISupport
LogPluginManager: Mounting plugin LightPropagationVolume
LogPluginManager: Mounting plugin CameraShakePreviewer
LogPluginManager: Mounting plugin ActorLayerUtilities
LogPluginManager: Mounting plugin AnimationSharing
LogPluginManager: Mounting plugin CLionSourceCodeAccess
LogPluginManager: Mounting plugin CodeLiteSourceCodeAccess
LogPluginManager: Mounting plugin GitSourceControl
LogPluginManager: Mounting plugin KDevelopSourceCodeAccess
LogPluginManager: Mounting plugin NullSourceCodeAccess
LogPluginManager: Mounting plugin PerforceSourceControl
LogPluginManager: Mounting plugin PlasticSourceControl
LogPluginManager: Mounting plugin RiderSourceCodeAccess
LogPluginManager: Mounting plugin SubversionSourceControl
LogPluginManager: Mounting plugin UObjectPlugin
LogPluginManager: Mounting plugin VisualStudioCodeSourceCodeAccess
LogPluginManager: Mounting plugin VisualStudioSourceCodeAccess
LogPluginManager: Mounting plugin XCodeSourceCodeAccess
LogPluginManager: Mounting plugin AssetManagerEditor
LogPluginManager: Mounting plugin CryptoKeys
LogPluginManager: Mounting plugin CurveEditorTools
LogPluginManager: Mounting plugin DataValidation
LogPluginManager: Mounting plugin EditorScriptingUtilities
LogPluginManager: Mounting plugin FacialAnimation
LogPluginManager: Mounting plugin GameplayTagsEditor
LogPluginManager: Mounting plugin GeometryMode
LogPluginManager: Mounting plugin MacGraphicsSwitching
LogPluginManager: Mounting plugin MaterialAnalyzer
LogPluginManager: Mounting plugin MobileLauncherProfileWizard
LogPluginManager: Mounting plugin PluginBrowser
LogPluginManager: Mounting plugin SpeedTreeImporter
LogPluginManager: Mounting plugin DatasmithContent
LogPluginManager: Mounting plugin VariantManagerContent
LogPluginManager: Mounting plugin AlembicImporter
LogPluginManager: Mounting plugin AutomationUtils
LogPluginManager: Mounting plugin BackChannel
LogPluginManager: Mounting plugin ChaosCloth
LogPluginManager: Mounting plugin ChaosClothEditor
LogPluginManager: Mounting plugin ChaosEditor
LogPluginManager: Mounting plugin ChaosNiagara
LogPluginManager: Mounting plugin ChaosSolverPlugin
LogPluginManager: Mounting plugin CharacterAI
LogPluginManager: Mounting plugin GeometryCache
LogPluginManager: Mounting plugin GeometryCollectionPlugin
LogPluginManager: Mounting plugin GeometryProcessing
LogPluginManager: Mounting plugin PlanarCut
LogPluginManager: Mounting plugin PlatformCrypto
LogPluginManager: Mounting plugin ProxyLODPlugin
LogPluginManager: Mounting plugin SkeletalReduction
LogPluginManager: Mounting plugin Niagara
LogPluginManager: Mounting plugin MagicLeap
LogPluginManager: Mounting plugin MagicLeapLightEstimation
LogPluginManager: Mounting plugin MagicLeapMedia
LogPluginManager: Mounting plugin MagicLeapPassableWorld
LogPluginManager: Mounting plugin MLSDK
LogPluginManager: Mounting plugin AndroidMedia
LogPluginManager: Mounting plugin AvfMedia
LogPluginManager: Mounting plugin ImgMedia
LogPluginManager: Mounting plugin MediaCompositing
LogPluginManager: Mounting plugin MediaPlayerEditor
LogPluginManager: Mounting plugin WebMMedia
LogPluginManager: Mounting plugin WmfMedia
LogPluginManager: Mounting plugin MeshPainting
LogPluginManager: Mounting plugin TcpMessaging
LogPluginManager: Mounting plugin UdpMessaging
LogPluginManager: Mounting plugin ActorSequence
LogPluginManager: Mounting plugin LevelSequenceEditor
LogPluginManager: Mounting plugin MatineeToLevelSequence
LogPluginManager: Mounting plugin MovieRenderPipeline
LogPluginManager: Mounting plugin TemplateSequence
LogPluginManager: Mounting plugin NetcodeUnitTest
LogPluginManager: Mounting plugin NUTUnrealEngine4
LogPluginManager: Mounting plugin OnlineSubsystemGooglePlay
LogPluginManager: Mounting plugin OnlineSubsystemIOS
LogPluginManager: Mounting plugin OnlineSubsystem
LogPluginManager: Mounting plugin OnlineSubsystemNull
LogPluginManager: Mounting plugin OnlineSubsystemUtils
LogPluginManager: Mounting plugin LauncherChunkInstaller
LogPluginManager: Mounting plugin AndroidDeviceProfileSelector
LogPluginManager: Mounting plugin AndroidMoviePlayer
LogPluginManager: Mounting plugin AndroidPermission
LogPluginManager: Mounting plugin AppleImageUtils
LogPluginManager: Mounting plugin AppleMoviePlayer
LogPluginManager: Mounting plugin ArchVisCharacter
LogPluginManager: Mounting plugin AssetTags
LogPluginManager: Mounting plugin AudioCapture
LogPluginManager: Mounting plugin CableComponent
LogPluginManager: Mounting plugin CustomMeshComponent
LogPluginManager: Mounting plugin EditableMesh
LogPluginManager: Mounting plugin ExampleDeviceProfileSelector
LogPluginManager: Mounting plugin GoogleCloudMessaging
LogPluginManager: Mounting plugin GooglePAD
LogPluginManager: Mounting plugin IOSDeviceProfileSelector
LogPluginManager: Mounting plugin LinuxDeviceProfileSelector
LogPluginManager: Mounting plugin LocationServicesBPLibrary
LogPluginManager: Mounting plugin MobilePatchingUtils
LogPluginManager: Mounting plugin PhysXVehicles
LogPluginManager: Mounting plugin PostSplashScreen
LogPluginManager: Mounting plugin ProceduralMeshComponent
LogPluginManager: Mounting plugin RuntimePhysXCooking
LogPluginManager: Mounting plugin SignificanceManager
LogPluginManager: Mounting plugin SoundFields
LogPluginManager: Mounting plugin Synthesis
LogPluginManager: Mounting plugin WebMMoviePlayer
LogPluginManager: Mounting plugin WindowsMoviePlayer
LogPluginManager: Mounting plugin ScreenshotTools
LogInit: Using libcurl 7.55.1-DEV
LogInit:  - built for x86_64-pc-win32
LogInit:  - supports SSL with OpenSSL/1.1.1
LogInit:  - supports HTTP deflate (compression) using libz 1.2.8
LogInit:  - other features:
LogInit:      CURL_VERSION_SSL
LogInit:      CURL_VERSION_LIBZ
LogInit:      CURL_VERSION_IPV6
LogInit:      CURL_VERSION_ASYNCHDNS
LogInit:      CURL_VERSION_LARGEFILE
LogInit:      CURL_VERSION_IDN
LogInit:  CurlRequestOptions (configurable via config and command line):
LogInit:  - bVerifyPeer = true  - Libcurl will verify peer certificate
LogInit:  - bUseHttpProxy = false  - Libcurl will NOT use HTTP proxy
LogInit:  - bDontReuseConnections = false  - Libcurl will reuse connections
LogInit:  - MaxHostConnections = 16  - Libcurl will limit the number of connections to a host
LogInit:  - LocalHostAddr = Default
LogInit:  - BufferSize = 65536
LogOnline: OSS: Creating online subsystem instance for: NULL
LogInit: WinSock: version 1.1 (2.2), MaxSocks=32767, MaxUdp=65467
LogOnline: OSS: TryLoadSubsystemAndSetDefault: Loaded subsystem for module [NULL]
LogInit: Build: ++UE4+Release-4.25-CL-13942748
LogInit: Engine Version: 4.25.3-13942748+++UE4+Release-4.25
LogInit: Compatible Engine Version: 4.25.0-13144385+++UE4+Release-4.25
LogInit: Net CL: 13144385
LogInit: OS: Windows 10 (Release 1909) (), CPU: Intel(R) Core(TM) i7-4790K CPU @ 4.00GHz, GPU: NVIDIA GeForce GTX 980 Ti
LogInit: Compiled (64-bit): Jul 25 2020 02:07:48
LogInit: Compiled with Visual C++: 19.24.28315.00
LogInit: Build Configuration: Development
LogInit: Branch Name: ++UE4+Release-4.25
LogInit: Command Line: 
LogInit: Base Directory: F:/UE_4.25/Engine/Binaries/Win64/
LogInit: Allocator: TBB
LogInit: Installed Engine Build: 1
LogDevObjectVersion: Number of dev versions registered: 26
LogDevObjectVersion:   Dev-Blueprints (B0D832E4-1F89-4F0D-ACCF-7EB736FD4AA2): 10
LogDevObjectVersion:   Dev-Build (E1C64328-A22C-4D53-A36C-8E866417BD8C): 0
LogDevObjectVersion:   Dev-Core (375EC13C-06E4-48FB-B500-84F0262A717E): 4
LogDevObjectVersion:   Dev-Editor (E4B068ED-F494-42E9-A231-DA0B2E46BB41): 38
LogDevObjectVersion:   Dev-Framework (CFFC743F-43B0-4480-9391-14DF171D2073): 37
LogDevObjectVersion:   Dev-Mobile (B02B49B5-BB20-44E9-A304-32B752E40360): 2
LogDevObjectVersion:   Dev-Networking (A4E4105C-59A1-49B5-A7C5-40C4547EDFEE): 0
LogDevObjectVersion:   Dev-Online (39C831C9-5AE6-47DC-9A44-9C173E1C8E7C): 0
LogDevObjectVersion:   Dev-Physics (78F01B33-EBEA-4F98-B9B4-84EACCB95AA2): 4
LogDevObjectVersion:   Dev-Platform (6631380F-2D4D-43E0-8009-CF276956A95A): 0
LogDevObjectVersion:   Dev-Rendering (12F88B9F-8875-4AFC-A67C-D90C383ABD29): 43
LogDevObjectVersion:   Dev-Sequencer (7B5AE74C-D270-4C10-A958-57980B212A5A): 12
LogDevObjectVersion:   Dev-VR (D7296918-1DD6-4BDD-9DE2-64A83CC13884): 3
LogDevObjectVersion:   Dev-LoadTimes (C2A15278-BFE7-4AFE-6C17-90FF531DF755): 1
LogDevObjectVersion:   Private-Geometry (6EACA3D4-40EC-4CC1-B786-8BED09428FC5): 3
LogDevObjectVersion:   Dev-AnimPhys (29E575DD-E0A3-4627-9D10-D276232CDCEA): 17
LogDevObjectVersion:   Dev-Anim (AF43A65D-7FD3-4947-9873-3E8ED9C1BB05): 7
LogDevObjectVersion:   Dev-ReflectionCapture (6B266CEC-1EC7-4B8F-A30B-E4D90942FC07): 1
LogDevObjectVersion:   Dev-Automation (0DF73D61-A23F-47EA-B727-89E90C41499A): 1
LogDevObjectVersion:   FortniteMain (601D1886-AC64-4F84-AA16-D3DE0DEAC7D6): 31
LogDevObjectVersion:   Dev-Enterprise (9DFFBCD6-494F-0158-E221-12823C92A888): 10
LogDevObjectVersion:   Dev-Niagara (F2AED0AC-9AFE-416F-8664-AA7FFA26D6FC): 1
LogDevObjectVersion:   Dev-Destruction (174F1F0B-B4C6-45A5-B13F-2EE8D0FB917D): 10
LogDevObjectVersion:   Dev-Physics-Ext (35F94A83-E258-406C-A318-09F59610247C): 37
LogDevObjectVersion:   Dev-PhysicsMaterial-Chaos (B68FC16E-8B1B-42E2-B453-215C058844FE): 1
LogDevObjectVersion:   Dev-CineCamera (B2E18506-4273-CFC2-A54E-F4BB758BBA07): 1
LogInit: Presizing for max 25165824 objects, including 0 objects not considered by GC, pre-allocating 0 bytes for permanent pool.
LogConfig: Applying CVar settings from Section [/Script/Engine.StreamingSettings] File [C:/Users/Joe/Documents/Unreal Projects/FireWarrior/Saved/Config/Windows/Engine.ini]
LogConfig: Setting CVar [[s.MinBulkDataSizeForAsyncLoading:131072]]
LogConfig: Setting CVar [[s.AsyncLoadingThreadEnabled:0]]
LogConfig: Setting CVar [[s.EventDrivenLoaderEnabled:1]]
LogConfig: Setting CVar [[s.WarnIfTimeLimitExceeded:0]]
LogConfig: Setting CVar [[s.TimeLimitExceededMultiplier:1.5]]
LogConfig: Setting CVar [[s.TimeLimitExceededMinTime:0.005]]
LogConfig: Setting CVar [[s.UseBackgroundLevelStreaming:1]]
LogConfig: Setting CVar [[s.PriorityAsyncLoadingExtraTime:15.0]]
LogConfig: Setting CVar [[s.LevelStreamingActorsUpdateTimeLimit:5.0]]
LogConfig: Setting CVar [[s.PriorityLevelStreamingActorsUpdateExtraTime:5.0]]
LogConfig: Setting CVar [[s.LevelStreamingComponentsRegistrationGranularity:10]]
LogConfig: Setting CVar [[s.UnregisterComponentsTimeLimit:1.0]]
LogConfig: Setting CVar [[s.LevelStreamingComponentsUnregistrationGranularity:5]]
LogConfig: Setting CVar [[s.FlushStreamingOnExit:1]]
LogInit: Object subsystem initialized
LogConfig: Setting CVar [[con.DebugEarlyDefault:1]]
LogConfig: Setting CVar [[r.setres:1280x720]]
[2020.08.26-01.49.05:643][  0]LogConfig: Setting CVar [[r.VSync:0]]
[2020.08.26-01.49.05:643][  0]LogConfig: Setting CVar [[r.RHICmdBypass:0]]
[2020.08.26-01.49.05:643][  0]LogConfig: Applying CVar settings from Section [/Script/Engine.RendererSettings] File [C:/Users/Joe/Documents/Unreal Projects/FireWarrior/Saved/Config/Windows/Engine.ini]
[2020.08.26-01.49.05:643][  0]LogConfig: Setting CVar [[r.GPUCrashDebugging:0]]
[2020.08.26-01.49.05:643][  0]LogConfig: Applying CVar settings from Section [/Script/Engine.RendererOverrideSettings] File [C:/Users/Joe/Documents/Unreal Projects/FireWarrior/Saved/Config/Windows/Engine.ini]
[2020.08.26-01.49.05:643][  0]LogConfig: Applying CVar settings from Section [/Script/Engine.StreamingSettings] File [C:/Users/Joe/Documents/Unreal Projects/FireWarrior/Saved/Config/Windows/Engine.ini]
[2020.08.26-01.49.05:643][  0]LogConfig: Setting CVar [[s.MinBulkDataSizeForAsyncLoading:131072]]
[2020.08.26-01.49.05:643][  0]LogConfig: Setting CVar [[s.AsyncLoadingThreadEnabled:0]]
[2020.08.26-01.49.05:643][  0]LogConfig: Setting CVar [[s.EventDrivenLoaderEnabled:1]]
[2020.08.26-01.49.05:643][  0]LogConfig: Setting CVar [[s.WarnIfTimeLimitExceeded:0]]
[2020.08.26-01.49.05:643][  0]LogConfig: Setting CVar [[s.TimeLimitExceededMultiplier:1.5]]
[2020.08.26-01.49.05:643][  0]LogConfig: Setting CVar [[s.TimeLimitExceededMinTime:0.005]]
[2020.08.26-01.49.05:643][  0]LogConfig: Setting CVar [[s.UseBackgroundLevelStreaming:1]]
[2020.08.26-01.49.05:643][  0]LogConfig: Setting CVar [[s.PriorityAsyncLoadingExtraTime:15.0]]
[2020.08.26-01.49.05:643][  0]LogConfig: Setting CVar [[s.LevelStreamingActorsUpdateTimeLimit:5.0]]
[2020.08.26-01.49.05:643][  0]LogConfig: Setting CVar [[s.PriorityLevelStreamingActorsUpdateExtraTime:5.0]]
[2020.08.26-01.49.05:643][  0]LogConfig: Setting CVar [[s.LevelStreamingComponentsRegistrationGranularity:10]]
[2020.08.26-01.49.05:643][  0]LogConfig: Setting CVar [[s.UnregisterComponentsTimeLimit:1.0]]
[2020.08.26-01.49.05:643][  0]LogConfig: Setting CVar [[s.LevelStreamingComponentsUnregistrationGranularity:5]]
[2020.08.26-01.49.05:643][  0]LogConfig: Setting CVar [[s.FlushStreamingOnExit:1]]
[2020.08.26-01.49.05:643][  0]LogConfig: Applying CVar settings from Section [/Script/Engine.GarbageCollectionSettings] File [C:/Users/Joe/Documents/Unreal Projects/FireWarrior/Saved/Config/Windows/Engine.ini]
[2020.08.26-01.49.05:643][  0]LogConfig: Setting CVar [[gc.MaxObjectsNotConsideredByGC:1]]
[2020.08.26-01.49.05:643][  0]LogConfig: Setting CVar [[gc.SizeOfPermanentObjectPool:0]]
[2020.08.26-01.49.05:644][  0]LogConfig: Setting CVar [[gc.FlushStreamingOnGC:0]]
[2020.08.26-01.49.05:644][  0]LogConfig: Setting CVar [[gc.NumRetriesBeforeForcingGC:10]]
[2020.08.26-01.49.05:644][  0]LogConfig: Setting CVar [[gc.AllowParallelGC:1]]
[2020.08.26-01.49.05:644][  0]LogConfig: Setting CVar [[gc.TimeBetweenPurgingPendingKillObjects:61.1]]
[2020.08.26-01.49.05:644][  0]LogConfig: Setting CVar [[gc.MaxObjectsInEditor:25165824]]
[2020.08.26-01.49.05:644][  0]LogConfig: Setting CVar [[gc.IncrementalBeginDestroyEnabled:1]]
[2020.08.26-01.49.05:644][  0]LogConfig: Setting CVar [[gc.CreateGCClusters:1]]
[2020.08.26-01.49.05:644][  0]LogConfig: Setting CVar [[gc.MinGCClusterSize:5]]
[2020.08.26-01.49.05:644][  0]LogConfig: Setting CVar [[gc.ActorClusteringEnabled:0]]
[2020.08.26-01.49.05:644][  0]LogConfig: Setting CVar [[gc.BlueprintClusteringEnabled:0]]
[2020.08.26-01.49.05:644][  0]LogConfig: Setting CVar [[gc.UseDisregardForGCOnDedicatedServers:0]]
[2020.08.26-01.49.05:644][  0]LogConfig: Applying CVar settings from Section [/Script/Engine.NetworkSettings] File [C:/Users/Joe/Documents/Unreal Projects/FireWarrior/Saved/Config/Windows/Engine.ini]
[2020.08.26-01.49.05:644][  0]LogConfig: Applying CVar settings from Section [/Script/UnrealEd.CookerSettings] File [C:/Users/Joe/Documents/Unreal Projects/FireWarrior/Saved/Config/Windows/Engine.ini]
[2020.08.26-01.49.05:647][  0]LogConfig: Applying CVar settings from Section [ViewDistanceQuality@3] File [C:/Users/Joe/Documents/Unreal Projects/FireWarrior/Saved/Config/Windows/Scalability.ini]
[2020.08.26-01.49.05:647][  0]LogConfig: Setting CVar [[r.SkeletalMeshLODBias:0]]
[2020.08.26-01.49.05:648][  0]LogConfig: Setting CVar [[r.ViewDistanceScale:1.0]]
[2020.08.26-01.49.05:648][  0]LogConfig: Applying CVar settings from Section [AntiAliasingQuality@3] File [C:/Users/Joe/Documents/Unreal Projects/FireWarrior/Saved/Config/Windows/Scalability.ini]
[2020.08.26-01.49.05:648][  0]LogConfig: Setting CVar [[r.PostProcessAAQuality:4]]
[2020.08.26-01.49.05:648][  0]LogConfig: Applying CVar settings from Section [ShadowQuality@3] File [C:/Users/Joe/Documents/Unreal Projects/FireWarrior/Saved/Config/Windows/Scalability.ini]
[2020.08.26-01.49.05:648][  0]LogConfig: Setting CVar [[r.LightFunctionQuality:1]]
[2020.08.26-01.49.05:648][  0]LogConfig: Setting CVar [[r.ShadowQuality:5]]
[2020.08.26-01.49.05:648][  0]LogConfig: Setting CVar [[r.Shadow.CSM.MaxCascades:10]]
[2020.08.26-01.49.05:648][  0]LogConfig: Setting CVar [[r.Shadow.MaxResolution:2048]]
[2020.08.26-01.49.05:648][  0]LogConfig: Setting CVar [[r.Shadow.MaxCSMResolution:2048]]
[2020.08.26-01.49.05:648][  0]LogConfig: Setting CVar [[r.Shadow.RadiusThreshold:0.01]]
[2020.08.26-01.49.05:648][  0]LogConfig: Setting CVar [[r.Shadow.DistanceScale:1.0]]
[2020.08.26-01.49.05:648][  0]LogConfig: Setting CVar [[r.Shadow.CSM.TransitionScale:1.0]]
[2020.08.26-01.49.05:648][  0]LogConfig: Setting CVar [[r.Shadow.PreShadowResolutionFactor:1.0]]
[2020.08.26-01.49.05:648][  0]LogConfig: Setting CVar [[r.DistanceFieldShadowing:1]]
[2020.08.26-01.49.05:648][  0]LogConfig: Setting CVar [[r.DistanceFieldAO:1]]
[2020.08.26-01.49.05:648][  0]LogConfig: Setting CVar [[r.AOQuality:2]]
[2020.08.26-01.49.05:648][  0]LogConfig: Setting CVar [[r.VolumetricFog:1]]
[2020.08.26-01.49.05:648][  0]LogConfig: Setting CVar [[r.VolumetricFog.GridPixelSize:8]]
[2020.08.26-01.49.05:648][  0]LogConfig: Setting CVar [[r.VolumetricFog.GridSizeZ:128]]
[2020.08.26-01.49.05:648][  0]LogConfig: Setting CVar [[r.VolumetricFog.HistoryMissSupersampleCount:4]]
[2020.08.26-01.49.05:648][  0]LogConfig: Setting CVar [[r.LightMaxDrawDistanceScale:1]]
[2020.08.26-01.49.05:648][  0]LogConfig: Setting CVar [[r.CapsuleShadows:1]]
[2020.08.26-01.49.05:648][  0]LogConfig: Applying CVar settings from Section [PostProcessQuality@3] File [C:/Users/Joe/Documents/Unreal Projects/FireWarrior/Saved/Config/Windows/Scalability.ini]
[2020.08.26-01.49.05:648][  0]LogConfig: Setting CVar [[r.MotionBlurQuality:4]]
[2020.08.26-01.49.05:648][  0]LogConfig: Setting CVar [[r.AmbientOcclusionMipLevelFactor:0.4]]
[2020.08.26-01.49.05:648][  0]LogConfig: Setting CVar [[r.AmbientOcclusionMaxQuality:100]]
[2020.08.26-01.49.05:648][  0]LogConfig: Setting CVar [[r.AmbientOcclusionLevels:-1]]
[2020.08.26-01.49.05:648][  0]LogConfig: Setting CVar [[r.AmbientOcclusionRadiusScale:1.0]]
[2020.08.26-01.49.05:648][  0]LogConfig: Setting CVar [[r.DepthOfFieldQuality:2]]
[2020.08.26-01.49.05:648][  0]LogConfig: Setting CVar [[r.RenderTargetPoolMin:400]]
[2020.08.26-01.49.05:648][  0]LogConfig: Setting CVar [[r.LensFlareQuality:2]]
[2020.08.26-01.49.05:648][  0]LogConfig: Setting CVar [[r.SceneColorFringeQuality:1]]
[2020.08.26-01.49.05:648][  0]LogConfig: Setting CVar [[r.EyeAdaptationQuality:2]]
[2020.08.26-01.49.05:648][  0]LogConfig: Setting CVar [[r.BloomQuality:5]]
[2020.08.26-01.49.05:649][  0]LogConfig: Setting CVar [[r.FastBlurThreshold:100]]
[2020.08.26-01.49.05:649][  0]LogConfig: Setting CVar [[r.Upscale.Quality:3]]
[2020.08.26-01.49.05:649][  0]LogConfig: Setting CVar [[r.Tonemapper.GrainQuantization:1]]
[2020.08.26-01.49.05:649][  0]LogConfig: Setting CVar [[r.LightShaftQuality:1]]
[2020.08.26-01.49.05:649][  0]LogConfig: Setting CVar [[r.Filter.SizeScale:1]]
[2020.08.26-01.49.05:649][  0]LogConfig: Setting CVar [[r.Tonemapper.Quality:5]]
[2020.08.26-01.49.05:649][  0]LogConfig: Setting CVar [[r.DOF.Gather.AccumulatorQuality:1        ; higher gathering accumulator quality]]
[2020.08.26-01.49.05:649][  0]LogConfig: Setting CVar [[r.DOF.Gather.PostfilterMethod:1          ; Median3x3 postfilering method]]
[2020.08.26-01.49.05:649][  0]LogConfig: Setting CVar [[r.DOF.Gather.EnableBokehSettings:0       ; no bokeh simulation when gathering]]
[2020.08.26-01.49.05:649][  0]LogConfig: Setting CVar [[r.DOF.Gather.RingCount:4                 ; medium number of samples when gathering]]
[2020.08.26-01.49.05:649][  0]LogConfig: Setting CVar [[r.DOF.Scatter.ForegroundCompositing:1    ; additive foreground scattering]]
[2020.08.26-01.49.05:649][  0]LogConfig: Setting CVar [[r.DOF.Scatter.BackgroundCompositing:2    ; additive background scattering]]
[2020.08.26-01.49.05:649][  0]LogConfig: Setting CVar [[r.DOF.Scatter.EnableBokehSettings:1      ; bokeh simulation when scattering]]
[2020.08.26-01.49.05:649][  0]LogConfig: Setting CVar [[r.DOF.Scatter.MaxSpriteRatio:0.1         ; only a maximum of 10% of scattered bokeh]]
[2020.08.26-01.49.05:649][  0]LogConfig: Setting CVar [[r.DOF.Recombine.Quality:1                ; cheap slight out of focus]]
[2020.08.26-01.49.05:649][  0]LogConfig: Setting CVar [[r.DOF.Recombine.EnableBokehSettings:0    ; no bokeh simulation on slight out of focus]]
[2020.08.26-01.49.05:649][  0]LogConfig: Setting CVar [[r.DOF.TemporalAAQuality:1                ; more stable temporal accumulation]]
[2020.08.26-01.49.05:649][  0]LogConfig: Setting CVar [[r.DOF.Kernel.MaxForegroundRadius:0.025]]
[2020.08.26-01.49.05:649][  0]LogConfig: Setting CVar [[r.DOF.Kernel.MaxBackgroundRadius:0.025]]
[2020.08.26-01.49.05:649][  0]LogConfig: Applying CVar settings from Section [TextureQuality@3] File [C:/Users/Joe/Documents/Unreal Projects/FireWarrior/Saved/Config/Windows/Scalability.ini]
[2020.08.26-01.49.05:649][  0]LogConfig: Setting CVar [[r.Streaming.MipBias:0]]
[2020.08.26-01.49.05:649][  0]LogConfig: Setting CVar [[r.Streaming.AmortizeCPUToGPUCopy:0]]
[2020.08.26-01.49.05:649][  0]LogConfig: Setting CVar [[r.Streaming.MaxNumTexturesToStreamPerFrame:0]]
[2020.08.26-01.49.05:649][  0]LogConfig: Setting CVar [[r.Streaming.Boost:1]]
[2020.08.26-01.49.05:649][  0]LogConfig: Setting CVar [[r.MaxAnisotropy:8]]
[2020.08.26-01.49.05:649][  0]LogConfig: Setting CVar [[r.VT.MaxAnisotropy:8]]
[2020.08.26-01.49.05:649][  0]LogConfig: Setting CVar [[r.Streaming.LimitPoolSizeToVRAM:0]]
[2020.08.26-01.49.05:649][  0]LogConfig: Setting CVar [[r.Streaming.PoolSize:1000]]
[2020.08.26-01.49.05:649][  0]LogConfig: Setting CVar [[r.Streaming.MaxEffectiveScreenSize:0]]
[2020.08.26-01.49.05:650][  0]LogConfig: Applying CVar settings from Section [EffectsQuality@3] File [C:/Users/Joe/Documents/Unreal Projects/FireWarrior/Saved/Config/Windows/Scalability.ini]
[2020.08.26-01.49.05:650][  0]LogConfig: Setting CVar [[r.TranslucencyLightingVolumeDim:64]]
[2020.08.26-01.49.05:650][  0]LogConfig: Setting CVar [[r.RefractionQuality:2]]
[2020.08.26-01.49.05:650][  0]LogConfig: Setting CVar [[r.SSR.Quality:3]]
[2020.08.26-01.49.05:650][  0]LogConfig: Setting CVar [[r.SSR.HalfResSceneColor:0]]
[2020.08.26-01.49.05:650][  0]LogConfig: Setting CVar [[r.SceneColorFormat:4]]
[2020.08.26-01.49.05:650][  0]LogConfig: Setting CVar [[r.DetailMode:2]]
[2020.08.26-01.49.05:650][  0]LogConfig: Setting CVar [[r.TranslucencyVolumeBlur:1]]
[2020.08.26-01.49.05:650][  0]LogConfig: Setting CVar [[r.MaterialQualityLevel:1 ; High quality]]
[2020.08.26-01.49.05:650][  0]LogConfig: Setting CVar [[r.SSS.Scale:1]]
[2020.08.26-01.49.05:650][  0]LogConfig: Setting CVar [[r.SSS.SampleSet:2]]
[2020.08.26-01.49.05:650][  0]LogConfig: Setting CVar [[r.SSS.Quality:1]]
[2020.08.26-01.49.05:650][  0]LogConfig: Setting CVar [[r.SSS.HalfRes:0]]
[2020.08.26-01.49.05:650][  0]LogConfig: Setting CVar [[r.SSGI.Quality:3]]
[2020.08.26-01.49.05:650][  0]LogConfig: Setting CVar [[r.EmitterSpawnRateScale:1.0]]
[2020.08.26-01.49.05:650][  0]LogConfig: Setting CVar [[r.ParticleLightQuality:2]]
[2020.08.26-01.49.05:650][  0]LogConfig: Setting CVar [[r.SkyAtmosphere.AerialPerspectiveLUT.FastApplyOnOpaque:1 ; Always have FastSkyLUT 1 in this case to avoid wrong sky]]
[2020.08.26-01.49.05:650][  0]LogConfig: Setting CVar [[r.SkyAtmosphere.AerialPerspectiveLUT.SampleCountPerSlice:1]]
[2020.08.26-01.49.05:650][  0]LogConfig: Setting CVar [[r.SkyAtmosphere.AerialPerspectiveLUT.DepthResolution:16.0]]
[2020.08.26-01.49.05:650][  0]LogConfig: Setting CVar [[r.SkyAtmosphere.FastSkyLUT:1]]
[2020.08.26-01.49.05:650][  0]LogConfig: Setting CVar [[r.SkyAtmosphere.FastSkyLUT.SampleCountMin:4.0]]
[2020.08.26-01.49.05:650][  0]LogConfig: Setting CVar [[r.SkyAtmosphere.FastSkyLUT.SampleCountMax:32.0]]
[2020.08.26-01.49.05:650][  0]LogConfig: Setting CVar [[r.SkyAtmosphere.SampleCountMin:4.0]]
[2020.08.26-01.49.05:650][  0]LogConfig: Setting CVar [[r.SkyAtmosphere.SampleCountMax:32.0]]
[2020.08.26-01.49.05:650][  0]LogConfig: Setting CVar [[r.SkyAtmosphere.TransmittanceLUT.UseSmallFormat:0]]
[2020.08.26-01.49.05:650][  0]LogConfig: Setting CVar [[r.SkyAtmosphere.TransmittanceLUT.SampleCount:10.0]]
[2020.08.26-01.49.05:650][  0]LogConfig: Setting CVar [[r.SkyAtmosphere.MultiScatteringLUT.SampleCount:15.0]]
[2020.08.26-01.49.05:650][  0]LogConfig: Applying CVar settings from Section [FoliageQuality@3] File [C:/Users/Joe/Documents/Unreal Projects/FireWarrior/Saved/Config/Windows/Scalability.ini]
[2020.08.26-01.49.05:650][  0]LogConfig: Setting CVar [[foliage.DensityScale:1.0]]
[2020.08.26-01.49.05:650][  0]LogConfig: Setting CVar [[grass.DensityScale:1.0]]
[2020.08.26-01.49.05:650][  0]LogConfig: Applying CVar settings from Section [ShadingQuality@3] File [C:/Users/Joe/Documents/Unreal Projects/FireWarrior/Saved/Config/Windows/Scalability.ini]
[2020.08.26-01.49.05:650][  0]LogConfig: Setting CVar [[r.HairStrands.SkyLighting.SampleCount:16]]
[2020.08.26-01.49.05:650][  0]LogConfig: Setting CVar [[r.HairStrands.SkyLighting.JitterIntegration:0]]
[2020.08.26-01.49.05:650][  0]LogConfig: Setting CVar [[r.HairStrands.SkyAO.SampleCount:16]]
[2020.08.26-01.49.05:650][  0]LogConfig: Setting CVar [[r.HairStrands.DeepShadow.SuperSampling:0]]
[2020.08.26-01.49.05:650][  0]LogConfig: Setting CVar [[r.HairStrands.VisibilityPPLL:0]]
[2020.08.26-01.49.05:650][  0]LogConfig: Setting CVar [[r.HairStrands.RasterizationScale:0.5]]
[2020.08.26-01.49.05:651][  0]LogConfig: Setting CVar [[r.HairStrands.VelocityRasterizationScale:1]]
[2020.08.26-01.49.05:651][  0]LogInit: Selected Device Profile: [Windows]
[2020.08.26-01.49.05:651][  0]LogInit: Applying CVar settings loaded from the selected device profile: [Windows]
[2020.08.26-01.49.05:651][  0]LogHAL: Display: Platform has ~ 16 GB [17119961088 / 17179869184 / 16], which maps to Larger [LargestMinGB=32, LargerMinGB=12, DefaultMinGB=8, SmallerMinGB=6, SmallestMinGB=0)
[2020.08.26-01.49.05:651][  0]LogInit: Going up to parent DeviceProfile []
[2020.08.26-01.49.05:651][  0]LogConfig: Applying CVar settings from Section [ViewDistanceQuality@3] File [C:/Users/Joe/Documents/Unreal Projects/FireWarrior/Saved/Config/Windows/Scalability.ini]
[2020.08.26-01.49.05:651][  0]LogConfig: Setting CVar [[r.SkeletalMeshLODBias:0]]
[2020.08.26-01.49.05:651][  0]LogConfig: Setting CVar [[r.ViewDistanceScale:1.0]]
[2020.08.26-01.49.05:651][  0]LogConfig: Applying CVar settings from Section [AntiAliasingQuality@3] File [C:/Users/Joe/Documents/Unreal Projects/FireWarrior/Saved/Config/Windows/Scalability.ini]
[2020.08.26-01.49.05:651][  0]LogConfig: Setting CVar [[r.PostProcessAAQuality:4]]
[2020.08.26-01.49.05:651][  0]LogConfig: Applying CVar settings from Section [ShadowQuality@3] File [C:/Users/Joe/Documents/Unreal Projects/FireWarrior/Saved/Config/Windows/Scalability.ini]
[2020.08.26-01.49.05:651][  0]LogConfig: Setting CVar [[r.LightFunctionQuality:1]]
[2020.08.26-01.49.05:651][  0]LogConfig: Setting CVar [[r.ShadowQuality:5]]
[2020.08.26-01.49.05:651][  0]LogConfig: Setting CVar [[r.Shadow.CSM.MaxCascades:10]]
[2020.08.26-01.49.05:651][  0]LogConfig: Setting CVar [[r.Shadow.MaxResolution:2048]]
[2020.08.26-01.49.05:651][  0]LogConfig: Setting CVar [[r.Shadow.MaxCSMResolution:2048]]
[2020.08.26-01.49.05:651][  0]LogConfig: Setting CVar [[r.Shadow.RadiusThreshold:0.01]]
[2020.08.26-01.49.05:651][  0]LogConfig: Setting CVar [[r.Shadow.DistanceScale:1.0]]
[2020.08.26-01.49.05:651][  0]LogConfig: Setting CVar [[r.Shadow.CSM.TransitionScale:1.0]]
[2020.08.26-01.49.05:651][  0]LogConfig: Setting CVar [[r.Shadow.PreShadowResolutionFactor:1.0]]
[2020.08.26-01.49.05:651][  0]LogConfig: Setting CVar [[r.DistanceFieldShadowing:1]]
[2020.08.26-01.49.05:651][  0]LogConfig: Setting CVar [[r.DistanceFieldAO:1]]
[2020.08.26-01.49.05:651][  0]LogConfig: Setting CVar [[r.AOQuality:2]]
[2020.08.26-01.49.05:651][  0]LogConfig: Setting CVar [[r.VolumetricFog:1]]
[2020.08.26-01.49.05:651][  0]LogConfig: Setting CVar [[r.VolumetricFog.GridPixelSize:8]]
[2020.08.26-01.49.05:651][  0]LogConfig: Setting CVar [[r.VolumetricFog.GridSizeZ:128]]
[2020.08.26-01.49.05:651][  0]LogConfig: Setting CVar [[r.VolumetricFog.HistoryMissSupersampleCount:4]]
[2020.08.26-01.49.05:651][  0]LogConfig: Setting CVar [[r.LightMaxDrawDistanceScale:1]]
[2020.08.26-01.49.05:651][  0]LogConfig: Setting CVar [[r.CapsuleShadows:1]]
[2020.08.26-01.49.05:651][  0]LogConfig: Applying CVar settings from Section [PostProcessQuality@3] File [C:/Users/Joe/Documents/Unreal Projects/FireWarrior/Saved/Config/Windows/Scalability.ini]
[2020.08.26-01.49.05:651][  0]LogConfig: Setting CVar [[r.MotionBlurQuality:4]]
[2020.08.26-01.49.05:651][  0]LogConfig: Setting CVar [[r.AmbientOcclusionMipLevelFactor:0.4]]
[2020.08.26-01.49.05:652][  0]LogConfig: Setting CVar [[r.AmbientOcclusionMaxQuality:100]]
[2020.08.26-01.49.05:652][  0]LogConfig: Setting CVar [[r.AmbientOcclusionLevels:-1]]
[2020.08.26-01.49.05:652][  0]LogConfig: Setting CVar [[r.AmbientOcclusionRadiusScale:1.0]]
[2020.08.26-01.49.05:652][  0]LogConfig: Setting CVar [[r.DepthOfFieldQuality:2]]
[2020.08.26-01.49.05:652][  0]LogConfig: Setting CVar [[r.RenderTargetPoolMin:400]]
[2020.08.26-01.49.05:652][  0]LogConfig: Setting CVar [[r.LensFlareQuality:2]]
[2020.08.26-01.49.05:652][  0]LogConfig: Setting CVar [[r.SceneColorFringeQuality:1]]
[2020.08.26-01.49.05:652][  0]LogConfig: Setting CVar [[r.EyeAdaptationQuality:2]]
[2020.08.26-01.49.05:652][  0]LogConfig: Setting CVar [[r.BloomQuality:5]]
[2020.08.26-01.49.05:652][  0]LogConfig: Setting CVar [[r.FastBlurThreshold:100]]
[2020.08.26-01.49.05:652][  0]LogConfig: Setting CVar [[r.Upscale.Quality:3]]
[2020.08.26-01.49.05:652][  0]LogConfig: Setting CVar [[r.Tonemapper.GrainQuantization:1]]
[2020.08.26-01.49.05:652][  0]LogConfig: Setting CVar [[r.LightShaftQuality:1]]
[2020.08.26-01.49.05:652][  0]LogConfig: Setting CVar [[r.Filter.SizeScale:1]]
[2020.08.26-01.49.05:652][  0]LogConfig: Setting CVar [[r.Tonemapper.Quality:5]]
[2020.08.26-01.49.05:652][  0]LogConfig: Setting CVar [[r.DOF.Gather.AccumulatorQuality:1        ; higher gathering accumulator quality]]
[2020.08.26-01.49.05:652][  0]LogConfig: Setting CVar [[r.DOF.Gather.PostfilterMethod:1          ; Median3x3 postfilering method]]
[2020.08.26-01.49.05:652][  0]LogConfig: Setting CVar [[r.DOF.Gather.EnableBokehSettings:0       ; no bokeh simulation when gathering]]
[2020.08.26-01.49.05:652][  0]LogConfig: Setting CVar [[r.DOF.Gather.RingCount:4                 ; medium number of samples when gathering]]
[2020.08.26-01.49.05:652][  0]LogConfig: Setting CVar [[r.DOF.Scatter.ForegroundCompositing:1    ; additive foreground scattering]]
[2020.08.26-01.49.05:652][  0]LogConfig: Setting CVar [[r.DOF.Scatter.BackgroundCompositing:2    ; additive background scattering]]
[2020.08.26-01.49.05:652][  0]LogConfig: Setting CVar [[r.DOF.Scatter.EnableBokehSettings:1      ; bokeh simulation when scattering]]
[2020.08.26-01.49.05:652][  0]LogConfig: Setting CVar [[r.DOF.Scatter.MaxSpriteRatio:0.1         ; only a maximum of 10% of scattered bokeh]]
[2020.08.26-01.49.05:652][  0]LogConfig: Setting CVar [[r.DOF.Recombine.Quality:1                ; cheap slight out of focus]]
[2020.08.26-01.49.05:652][  0]LogConfig: Setting CVar [[r.DOF.Recombine.EnableBokehSettings:0    ; no bokeh simulation on slight out of focus]]
[2020.08.26-01.49.05:652][  0]LogConfig: Setting CVar [[r.DOF.TemporalAAQuality:1                ; more stable temporal accumulation]]
[2020.08.26-01.49.05:652][  0]LogConfig: Setting CVar [[r.DOF.Kernel.MaxForegroundRadius:0.025]]
[2020.08.26-01.49.05:652][  0]LogConfig: Setting CVar [[r.DOF.Kernel.MaxBackgroundRadius:0.025]]
[2020.08.26-01.49.05:652][  0]LogConfig: Applying CVar settings from Section [TextureQuality@3] File [C:/Users/Joe/Documents/Unreal Projects/FireWarrior/Saved/Config/Windows/Scalability.ini]
[2020.08.26-01.49.05:652][  0]LogConfig: Setting CVar [[r.Streaming.MipBias:0]]
[2020.08.26-01.49.05:652][  0]LogConfig: Setting CVar [[r.Streaming.AmortizeCPUToGPUCopy:0]]
[2020.08.26-01.49.05:652][  0]LogConfig: Setting CVar [[r.Streaming.MaxNumTexturesToStreamPerFrame:0]]
[2020.08.26-01.49.05:652][  0]LogConfig: Setting CVar [[r.Streaming.Boost:1]]
[2020.08.26-01.49.05:652][  0]LogConfig: Setting CVar [[r.MaxAnisotropy:8]]
[2020.08.26-01.49.05:652][  0]LogConfig: Setting CVar [[r.VT.MaxAnisotropy:8]]
[2020.08.26-01.49.05:652][  0]LogConfig: Setting CVar [[r.Streaming.LimitPoolSizeToVRAM:0]]
[2020.08.26-01.49.05:653][  0]LogConfig: Setting CVar [[r.Streaming.PoolSize:1000]]
[2020.08.26-01.49.05:653][  0]LogConfig: Setting CVar [[r.Streaming.MaxEffectiveScreenSize:0]]
[2020.08.26-01.49.05:653][  0]LogConfig: Applying CVar settings from Section [EffectsQuality@3] File [C:/Users/Joe/Documents/Unreal Projects/FireWarrior/Saved/Config/Windows/Scalability.ini]
[2020.08.26-01.49.05:653][  0]LogConfig: Setting CVar [[r.TranslucencyLightingVolumeDim:64]]
[2020.08.26-01.49.05:653][  0]LogConfig: Setting CVar [[r.RefractionQuality:2]]
[2020.08.26-01.49.05:653][  0]LogConfig: Setting CVar [[r.SSR.Quality:3]]
[2020.08.26-01.49.05:653][  0]LogConfig: Setting CVar [[r.SSR.HalfResSceneColor:0]]
[2020.08.26-01.49.05:653][  0]LogConfig: Setting CVar [[r.SceneColorFormat:4]]
[2020.08.26-01.49.05:653][  0]LogConfig: Setting CVar [[r.DetailMode:2]]
[2020.08.26-01.49.05:653][  0]LogConfig: Setting CVar [[r.TranslucencyVolumeBlur:1]]
[2020.08.26-01.49.05:653][  0]LogConfig: Setting CVar [[r.MaterialQualityLevel:1 ; High quality]]
[2020.08.26-01.49.05:653][  0]LogConfig: Setting CVar [[r.SSS.Scale:1]]
[2020.08.26-01.49.05:653][  0]LogConfig: Setting CVar [[r.SSS.SampleSet:2]]
[2020.08.26-01.49.05:653][  0]LogConfig: Setting CVar [[r.SSS.Quality:1]]
[2020.08.26-01.49.05:653][  0]LogConfig: Setting CVar [[r.SSS.HalfRes:0]]
[2020.08.26-01.49.05:653][  0]LogConfig: Setting CVar [[r.SSGI.Quality:3]]
[2020.08.26-01.49.05:653][  0]LogConfig: Setting CVar [[r.EmitterSpawnRateScale:1.0]]
[2020.08.26-01.49.05:653][  0]LogConfig: Setting CVar [[r.ParticleLightQuality:2]]
[2020.08.26-01.49.05:653][  0]LogConfig: Setting CVar [[r.SkyAtmosphere.AerialPerspectiveLUT.FastApplyOnOpaque:1 ; Always have FastSkyLUT 1 in this case to avoid wrong sky]]
[2020.08.26-01.49.05:653][  0]LogConfig: Setting CVar [[r.SkyAtmosphere.AerialPerspectiveLUT.SampleCountPerSlice:1]]
[2020.08.26-01.49.05:653][  0]LogConfig: Setting CVar [[r.SkyAtmosphere.AerialPerspectiveLUT.DepthResolution:16.0]]
[2020.08.26-01.49.05:653][  0]LogConfig: Setting CVar [[r.SkyAtmosphere.FastSkyLUT:1]]
[2020.08.26-01.49.05:653][  0]LogConfig: Setting CVar [[r.SkyAtmosphere.FastSkyLUT.SampleCountMin:4.0]]
[2020.08.26-01.49.05:653][  0]LogConfig: Setting CVar [[r.SkyAtmosphere.FastSkyLUT.SampleCountMax:32.0]]
[2020.08.26-01.49.05:653][  0]LogConfig: Setting CVar [[r.SkyAtmosphere.SampleCountMin:4.0]]
[2020.08.26-01.49.05:653][  0]LogConfig: Setting CVar [[r.SkyAtmosphere.SampleCountMax:32.0]]
[2020.08.26-01.49.05:653][  0]LogConfig: Setting CVar [[r.SkyAtmosphere.TransmittanceLUT.UseSmallFormat:0]]
[2020.08.26-01.49.05:653][  0]LogConfig: Setting CVar [[r.SkyAtmosphere.TransmittanceLUT.SampleCount:10.0]]
[2020.08.26-01.49.05:653][  0]LogConfig: Setting CVar [[r.SkyAtmosphere.MultiScatteringLUT.SampleCount:15.0]]
[2020.08.26-01.49.05:653][  0]LogConfig: Applying CVar settings from Section [FoliageQuality@3] File [C:/Users/Joe/Documents/Unreal Projects/FireWarrior/Saved/Config/Windows/Scalability.ini]
[2020.08.26-01.49.05:653][  0]LogConfig: Setting CVar [[foliage.DensityScale:1.0]]
[2020.08.26-01.49.05:653][  0]LogConfig: Setting CVar [[grass.DensityScale:1.0]]
[2020.08.26-01.49.05:653][  0]LogConfig: Applying CVar settings from Section [ShadingQuality@3] File [C:/Users/Joe/Documents/Unreal Projects/FireWarrior/Saved/Config/Windows/Scalability.ini]
[2020.08.26-01.49.05:653][  0]LogConfig: Setting CVar [[r.HairStrands.SkyLighting.SampleCount:16]]
[2020.08.26-01.49.05:653][  0]LogConfig: Setting CVar [[r.HairStrands.SkyLighting.JitterIntegration:0]]
[2020.08.26-01.49.05:653][  0]LogConfig: Setting CVar [[r.HairStrands.SkyAO.SampleCount:16]]
[2020.08.26-01.49.05:653][  0]LogConfig: Setting CVar [[r.HairStrands.DeepShadow.SuperSampling:0]]
[2020.08.26-01.49.05:654][  0]LogConfig: Setting CVar [[r.HairStrands.VisibilityPPLL:0]]
[2020.08.26-01.49.05:654][  0]LogConfig: Setting CVar [[r.HairStrands.RasterizationScale:0.5]]
[2020.08.26-01.49.05:654][  0]LogConfig: Setting CVar [[r.HairStrands.VelocityRasterizationScale:1]]
[2020.08.26-01.49.05:654][  0]LogConfig: Applying CVar settings from Section [Startup] File [../../../Engine/Config/ConsoleVariables.ini]
[2020.08.26-01.49.05:654][  0]LogConfig: Setting CVar [[net.UseAdaptiveNetUpdateFrequency:0]]
[2020.08.26-01.49.05:654][  0]LogConfig: Setting CVar [[p.chaos.AllowCreatePhysxBodies:1]]
[2020.08.26-01.49.05:654][  0]LogConfig: Setting CVar [[fx.SkipVectorVMBackendOptimizations:1]]
[2020.08.26-01.49.05:654][  0]LogConfig: Applying CVar settings from Section [ConsoleVariables] File [C:/Users/Joe/Documents/Unreal Projects/FireWarrior/Saved/Config/Windows/Engine.ini]
[2020.08.26-01.49.05:654][  0]LogInit: Computer: JOE-PC
[2020.08.26-01.49.05:654][  0]LogInit: User: Joe
[2020.08.26-01.49.05:654][  0]LogInit: CPU Page size=4096, Cores=4
[2020.08.26-01.49.05:654][  0]LogInit: High frequency timer resolution =10.000000 MHz
[2020.08.26-01.49.05:654][  0]LogMemory: Memory total: Physical=15.9GB (16GB approx)
[2020.08.26-01.49.05:654][  0]LogMemory: Platform Memory Stats for Windows
[2020.08.26-01.49.05:655][  0]LogMemory: Process Physical Memory: 112.94 MB used, 112.94 MB peak
[2020.08.26-01.49.05:655][  0]LogMemory: Process Virtual Memory: 96.02 MB used, 96.02 MB peak
[2020.08.26-01.49.05:655][  0]LogMemory: Physical Memory: 6925.39 MB used,  9401.48 MB free, 16326.87 MB total
[2020.08.26-01.49.05:655][  0]LogMemory: Virtual Memory: 5105.82 MB used,  134212624.00 MB free, 134217728.00 MB total
[2020.08.26-01.49.05:662][  0]LogWindows: WindowsPlatformFeatures enabled
[2020.08.26-01.49.05:703][  0]LogInit: Physics initialised using underlying interface: PhysX
[2020.08.26-01.49.05:705][  0]LogInit: Using OS detected language (en-US).
[2020.08.26-01.49.05:705][  0]LogInit: Using OS detected locale (en-US).
[2020.08.26-01.49.05:709][  0]LogTextLocalizationManager: No specific localization for 'en-US' exists, so the 'en' localization will be used.
[2020.08.26-01.49.05:857][  0]LogInit: Setting process to per monitor DPI aware
[2020.08.26-01.49.05:890][  0]LogSlate: New Slate User Created.  User Index 0, Is Virtual User: 0
[2020.08.26-01.49.05:890][  0]LogSlate: Slate User Registered.  User Index 0, Is Virtual User: 0
[2020.08.26-01.49.06:253][  0]LogD3D11RHI: D3D11 min allowed feature level: 11_0
[2020.08.26-01.49.06:253][  0]LogD3D11RHI: D3D11 max allowed feature level: 11_0
[2020.08.26-01.49.06:253][  0]LogD3D11RHI: D3D11 adapters:
[2020.08.26-01.49.06:330][  0]LogD3D11RHI:    0. 'NVIDIA GeForce GTX 980 Ti' (Feature Level 11_0)
[2020.08.26-01.49.06:330][  0]LogD3D11RHI:       6097/0/8163 MB DedicatedVideo/DedicatedSystem/SharedSystem, Outputs:1, VendorId:0x10de
[2020.08.26-01.49.06:332][  0]LogD3D11RHI:    1. 'Microsoft Basic Render Driver' (Feature Level 11_0)
[2020.08.26-01.49.06:333][  0]LogD3D11RHI:       0/0/8163 MB DedicatedVideo/DedicatedSystem/SharedSystem, Outputs:0, VendorId:0x1414
[2020.08.26-01.49.06:333][  0]LogD3D11RHI: Chosen D3D11 Adapter: 0
[2020.08.26-01.49.06:339][  0]LogD3D11RHI: Creating new Direct3DDevice
[2020.08.26-01.49.06:339][  0]LogD3D11RHI:     GPU DeviceId: 0x17c8 (for the marketing name, search the web for "GPU Device Id")
[2020.08.26-01.49.06:340][  0]LogWindows: EnumDisplayDevices:
[2020.08.26-01.49.06:340][  0]LogWindows:    0. 'NVIDIA GeForce GTX 980 Ti' (P:1 D:1)
[2020.08.26-01.49.06:340][  0]LogWindows:    1. 'NVIDIA GeForce GTX 980 Ti' (P:0 D:0)
[2020.08.26-01.49.06:341][  0]LogWindows:    2. 'NVIDIA GeForce GTX 980 Ti' (P:0 D:0)
[2020.08.26-01.49.06:341][  0]LogWindows:    3. 'NVIDIA GeForce GTX 980 Ti' (P:0 D:0)
[2020.08.26-01.49.06:342][  0]LogWindows: DebugString: FoundDriverCount:4 
[2020.08.26-01.49.06:342][  0]LogD3D11RHI:     Adapter Name: NVIDIA GeForce GTX 980 Ti
[2020.08.26-01.49.06:342][  0]LogD3D11RHI:   Driver Version: 441.66 (internal:26.21.14.4166, unified:441.66)
[2020.08.26-01.49.06:342][  0]LogD3D11RHI:      Driver Date: 12-6-2019
[2020.08.26-01.49.06:342][  0]LogRHI: Texture pool is 4268 MB (70% of 6097 MB)
[2020.08.26-01.49.06:385][  0]LogD3D11RHI: RHI has support for 64 bit atomics
[2020.08.26-01.49.06:386][  0]LogD3D11RHI: [Aftermath] Enabled and primed
[2020.08.26-01.49.06:386][  0]LogD3D11RHI: Async texture creation enabled
[2020.08.26-01.49.06:386][  0]LogD3D11RHI: Array index from any shader is supported
[2020.08.26-01.49.06:409][  0]LogD3D11RHI: GPU Timing Frequency: 1000.000000 (Debug: 2 1)
[2020.08.26-01.49.06:777][  0]LogTargetPlatformManager: Display: Loaded TargetPlatform 'AllDesktop'
[2020.08.26-01.49.06:797][  0]LogTargetPlatformManager: Display: Loaded TargetPlatform 'Android'
[2020.08.26-01.49.06:797][  0]LogTargetPlatformManager: Display: Loaded TargetPlatform 'Android_ASTC'
[2020.08.26-01.49.06:797][  0]LogTargetPlatformManager: Display: Loaded TargetPlatform 'Android_DXT'
[2020.08.26-01.49.06:797][  0]LogTargetPlatformManager: Display: Loaded TargetPlatform 'Android_ETC2'
[2020.08.26-01.49.06:797][  0]LogTargetPlatformManager: Display: Loaded TargetPlatform 'AndroidClient'
[2020.08.26-01.49.06:797][  0]LogTargetPlatformManager: Display: Loaded TargetPlatform 'Android_ASTCClient'
[2020.08.26-01.49.06:797][  0]LogTargetPlatformManager: Display: Loaded TargetPlatform 'Android_DXTClient'
[2020.08.26-01.49.06:797][  0]LogTargetPlatformManager: Display: Loaded TargetPlatform 'Android_ETC2Client'
[2020.08.26-01.49.06:797][  0]LogTargetPlatformManager: Display: Loaded TargetPlatform 'Android_Multi'
[2020.08.26-01.49.06:797][  0]LogTargetPlatformManager: Display: Loaded TargetPlatform 'Android_MultiClient'
[2020.08.26-01.49.06:820][  0]LogTargetPlatformManager: Display: Loaded TargetPlatform 'IOSClient'
[2020.08.26-01.49.06:820][  0]LogTargetPlatformManager: Display: Loaded TargetPlatform 'IOS'
[2020.08.26-01.49.06:831][  0]LogTargetPlatformManager: Display: Loaded TargetPlatform 'Linux'
[2020.08.26-01.49.06:840][  0]LogTargetPlatformManager: Display: Loaded TargetPlatform 'LinuxNoEditor'
[2020.08.26-01.49.06:849][  0]LogTargetPlatformManager: Display: Loaded TargetPlatform 'LinuxClient'
[2020.08.26-01.49.06:858][  0]LogTargetPlatformManager: Display: Loaded TargetPlatform 'LinuxServer'
[2020.08.26-01.49.06:867][  0]LogTargetPlatformManager: Display: Loaded TargetPlatform 'LinuxAArch64NoEditor'
[2020.08.26-01.49.06:876][  0]LogTargetPlatformManager: Display: Loaded TargetPlatform 'LinuxAArch64Client'
[2020.08.26-01.49.06:885][  0]LogTargetPlatformManager: Display: Loaded TargetPlatform 'LinuxAArch64Server'
[2020.08.26-01.49.06:911][  0]LogTargetPlatformManager: Display: Loaded TargetPlatform 'Lumin'
[2020.08.26-01.49.06:911][  0]LogTargetPlatformManager: Display: Loaded TargetPlatform 'LuminClient'
[2020.08.26-01.49.06:927][  0]LogTargetPlatformManager: Display: Loaded TargetPlatform 'TVOSClient'
[2020.08.26-01.49.06:927][  0]LogTargetPlatformManager: Display: Loaded TargetPlatform 'TVOS'
[2020.08.26-01.49.06:937][  0]LogTargetPlatformManager: Display: Loaded TargetPlatform 'WindowsNoEditor'
[2020.08.26-01.49.06:946][  0]LogTargetPlatformManager: Display: Loaded TargetPlatform 'Windows'
[2020.08.26-01.49.06:955][  0]LogTargetPlatformManager: Display: Loaded TargetPlatform 'WindowsClient'
[2020.08.26-01.49.06:964][  0]LogTargetPlatformManager: Display: Loaded TargetPlatform 'WindowsServer'
[2020.08.26-01.49.06:964][  0]LogTargetPlatformManager: Display: Building Assets For Windows
[2020.08.26-01.49.06:973][  0]LogAudioDebug: Display: Lib vorbis DLL was dynamically loaded.
[2020.08.26-01.49.07:037][  0]LogShaderCompilers: Guid format shader working directory is -7 characters bigger than the processId version (C:/Users/Joe/Documents/Unreal Projects/FireWarrior/Intermediate/Shaders/WorkingDirectory/16856/).
[2020.08.26-01.49.07:037][  0]LogShaderCompilers: Cleaned the shader compiler working directory 'C:/Users/Joe/AppData/Local/Temp/UnrealShaderWorkingDir/9DA228ED4224CC5BBC0EA9982BA7F3A3/'.
[2020.08.26-01.49.07:038][  0]LogXGEController: Cleaning working directory: C:/Users/Joe/AppData/Local/Temp/UnrealXGEWorkingDir/
[2020.08.26-01.49.07:038][  0]LogXGEController: Cannot use XGE Controller as Incredibuild is not installed on this machine.
[2020.08.26-01.49.07:038][  0]LogShaderCompilers: Cannot use XGE Shader Compiler as Incredibuild is not installed on this machine.
[2020.08.26-01.49.07:038][  0]LogShaderCompilers: Display: Using Local Shader Compiler.
[2020.08.26-01.49.07:815][  0]LogDerivedDataCache: Display: Max Cache Size: 512 MB
[2020.08.26-01.49.07:865][  0]LogDerivedDataCache: Loaded boot cache 0.05s 75MB C:/Users/Joe/AppData/Local/UnrealEngine/4.25/DerivedDataCache/Boot.ddc.
[2020.08.26-01.49.07:865][  0]LogDerivedDataCache: Display: Loaded Boot cache: C:/Users/Joe/AppData/Local/UnrealEngine/4.25/DerivedDataCache/Boot.ddc
[2020.08.26-01.49.07:865][  0]LogDerivedDataCache: FDerivedDataBackendGraph:  Pak pak cache file C:/Users/Joe/Documents/Unreal Projects/FireWarrior/DerivedDataCache/DDC.ddp not found, will not use a pak cache.
[2020.08.26-01.49.07:865][  0]LogDerivedDataCache: Unable to find inner node Pak for hierarchical cache Hierarchy.
[2020.08.26-01.49.07:865][  0]LogDerivedDataCache: FDerivedDataBackendGraph:  CompressedPak pak cache file C:/Users/Joe/Documents/Unreal Projects/FireWarrior/DerivedDataCache/Compressed.ddp not found, will not use a pak cache.
[2020.08.26-01.49.07:865][  0]LogDerivedDataCache: Unable to find inner node CompressedPak for hierarchical cache Hierarchy.
[2020.08.26-01.49.07:875][  0]LogDerivedDataCache: Display: Pak cache opened for reading ../../../Engine/DerivedDataCache/Compressed.ddp.
[2020.08.26-01.49.07:875][  0]LogDerivedDataCache: FDerivedDataBackendGraph:  EnterprisePak pak cache file ../../../Enterprise/DerivedDataCache/Compressed.ddp not found, will not use a pak cache.
[2020.08.26-01.49.07:875][  0]LogDerivedDataCache: Unable to find inner node EnterprisePak for hierarchical cache Hierarchy.
[2020.08.26-01.49.07:876][  0]LogDerivedDataCache: Using Local data cache path C:/Users/Joe/AppData/Local/UnrealEngine/Common/DerivedDataCache: Writable
[2020.08.26-01.49.07:876][  0]LogDerivedDataCache: Shared data cache path not found in *engine.ini, will not use an Shared cache.
[2020.08.26-01.49.07:876][  0]LogDerivedDataCache: Unable to find inner node Shared for hierarchical cache Hierarchy.
[2020.08.26-01.49.07:923][  0]LogSlate: Using FreeType 2.10.0
[2020.08.26-01.49.07:924][  0]LogSlate: SlateFontServices - WITH_FREETYPE: 1, WITH_HARFBUZZ: 1
[2020.08.26-01.49.07:954][  0]LogAssetRegistry: FAssetRegistry took 0.0025 seconds to start up
[2020.08.26-01.49.08:188][  0]LogInit: Selected Device Profile: [Windows]
[2020.08.26-01.49.08:299][  0]LogMeshReduction: Using QuadricMeshReduction for automatic static mesh reduction
[2020.08.26-01.49.08:299][  0]LogMeshReduction: Using SimplygonMeshReduction for automatic skeletal mesh reduction
[2020.08.26-01.49.08:299][  0]LogMeshReduction: Using ProxyLODMeshReduction for automatic mesh merging
[2020.08.26-01.49.08:299][  0]LogMeshReduction: No distributed automatic mesh merging module available
[2020.08.26-01.49.08:300][  0]LogMeshMerging: No distributed automatic mesh merging module available
[2020.08.26-01.49.08:316][  0]LogNetVersion: FireWarrior 1.0.0, NetCL: 13144385, EngineNetVer: 14, GameNetVer: 0 (Checksum: 2016184147)
[2020.08.26-01.49.08:802][  0]LogAISub: UAISubsystem::UAISubsystem AISubsystem (0000024CFF027A40), frame # 0
[2020.08.26-01.49.08:802][  0]LogAISub: UAISubsystem::UAISubsystem AIPerceptionSystem (0000024CFF01FC40), frame # 0
[2020.08.26-01.49.08:803][  0]LogAISub: UAISubsystem::UAISubsystem EnvQueryManager (0000024CFF0AC800), frame # 0
[2020.08.26-01.49.08:847][  0]LogPackageLocalizationCache: Processed 17 localized package path(s) for 1 prioritized culture(s) in 0.038578 seconds
[2020.08.26-01.49.08:852][  0]LogUObjectArray: 15756 objects as part of root set at end of initial load.
[2020.08.26-01.49.08:852][  0]LogUObjectAllocator: 3925280 out of 0 bytes used by permanent object pool.
[2020.08.26-01.49.08:852][  0]LogUObjectArray: CloseDisregardForGC: 0/0 objects in disregard for GC pool
[2020.08.26-01.49.09:202][  0]LogTcpMessaging: Initializing TcpMessaging bridge
[2020.08.26-01.49.09:206][  0]LogUdpMessaging: Initializing bridge on interface 0.0.0.0:0 to multicast group 230.0.0.1:6666.
[2020.08.26-01.49.09:250][  0]LogLinker: Warning: Failed to load '/Game/AI_Player/FirstPersonOverview': Can't find file.
[2020.08.26-01.49.09:250][  0]LogLinker: Warning: Failed to load '/Game/AI_Player/FirstPersonOverview': Can't find file.
[2020.08.26-01.49.09:250][  0]LogUObjectGlobals: Warning: Failed to find object 'Class /Game/AI_Player/FirstPersonOverview.FirstPersonOverview_C'
[2020.08.26-01.49.09:285][  0]SourceControl: Source control is disabled
[2020.08.26-01.49.10:140][  0]LogAndroidPermission: UAndroidPermissionCallbackProxy::GetInstance
[2020.08.26-01.49.10:160][  0]LogAudioCaptureCore: Display: No Audio Capture implementations found. Audio input will be silent.
[2020.08.26-01.49.10:160][  0]LogAudioCaptureCore: Display: No Audio Capture implementations found. Audio input will be silent.
[2020.08.26-01.49.10:245][  0]LogEngine: Initializing Engine...
[2020.08.26-01.49.10:246][  0]LogMagicLeap: Warning: VR disabled because ZI is not enabled.  To enable, in the editor, Edit -> Project Settings -> Plugins -> Magic Leap Plugin -> Enable Zero Iteration
[2020.08.26-01.49.10:247][  0]LogStats: UGameplayTagsManager::InitializeManager -  0.000 s
[2020.08.26-01.49.10:363][  0]LogInit: Initializing FReadOnlyCVARCache
[2020.08.26-01.49.10:370][  0]LogAIModule: Creating AISystem for world Untitled
[2020.08.26-01.49.10:370][  0]LogAISub: UAISubsystem::UAISubsystem EnvQueryManager (0000024C85511200), frame # 0
[2020.08.26-01.49.10:370][  0]LogAISub: UAISubsystem::UAISubsystem AIPerceptionSystem (0000024C8551E5C0), frame # 0
[2020.08.26-01.49.10:386][  0]LogAudioMixer: Display: Audio Mixer Platform Settings:
[2020.08.26-01.49.10:386][  0]LogAudioMixer: Display: 	Sample Rate:						  48000
[2020.08.26-01.49.10:386][  0]LogAudioMixer: Display: 	Callback Buffer Frame Size Requested: 1024
[2020.08.26-01.49.10:386][  0]LogAudioMixer: Display: 	Callback Buffer Frame Size To Use:	  1024
[2020.08.26-01.49.10:386][  0]LogAudioMixer: Display: 	Number of buffers to queue:			  2
[2020.08.26-01.49.10:386][  0]LogAudioMixer: Display: 	Max Channels (voices):				  32
[2020.08.26-01.49.10:386][  0]LogAudioMixer: Display: 	Number of Async Source Workers:		  0
[2020.08.26-01.49.10:386][  0]LogAudio: Display: AudioDevice MaxSources: 32
[2020.08.26-01.49.10:386][  0]LogAudio: Display: Using built-in audio occlusion.
[2020.08.26-01.49.10:386][  0]LogAudioMixer: Display: Initializing audio mixer.
[2020.08.26-01.49.10:405][  0]LogAudioMixer: Display: 0: FrontLeft
[2020.08.26-01.49.10:405][  0]LogAudioMixer: Display: 1: FrontRight
[2020.08.26-01.49.10:470][  0]LogAudioMixer: Display: Using Audio Device Speakers (High Definition Audio Device)
[2020.08.26-01.49.10:473][  0]LogAudioMixer: Display: Initializing Sound Submixes...
[2020.08.26-01.49.10:476][  0]LogAudioMixer: Display: Creating Master Submix 'MasterSubmixDefault'
[2020.08.26-01.49.10:476][  0]LogAudioMixer: Display: Creating Master Submix 'MasterReverbSubmixDefault'
[2020.08.26-01.49.10:477][  0]LogAudioMixer: Display: Creating Master Submix 'MasterEQSubmixDefault'
[2020.08.26-01.49.10:477][  0]LogInit: FAudioDevice initialized.
[2020.08.26-01.49.10:478][  0]LogNetVersion: Set ProjectVersion to 1.0.0.0. Version Checksum will be recalculated on next use.
[2020.08.26-01.49.10:559][  0]LogDerivedDataCache: Saved boot cache 0.08s 75MB C:/Users/Joe/AppData/Local/UnrealEngine/4.25/DerivedDataCache/Boot.ddc.
[2020.08.26-01.49.10:560][  0]LogInit: Texture streaming: Enabled
[2020.08.26-01.49.10:581][  0]LogEngineSessionManager: EngineSessionManager initialized
[2020.08.26-01.49.10:581][  0]LogEditorSessionSummary: Verbose: Initializing EditorSessionSummaryWriter for editor session tracking
[2020.08.26-01.49.10:597][  0]LogEditorSessionSummary: EditorSessionSummaryWriter initialized
[2020.08.26-01.49.10:633][  0]LogInit: Transaction tracking system initialized
[2020.08.26-01.49.10:656][  0]BlueprintLog: New page: Editor Load
[2020.08.26-01.49.10:728][  0]LocalizationService: Localization service is disabled
[2020.08.26-01.49.10:883][  0]LogCook: Display: Max memory allowance for cook 16384mb min free memory 0mb
[2020.08.26-01.49.10:884][  0]LogCook: Display: Mobile HDR setting 1
[2020.08.26-01.49.11:069][  0]LogFileCache: Scanning file cache for directory 'C:/Users/Joe/Documents/Unreal Projects/FireWarrior/Content/' took 0.02s
[2020.08.26-01.49.11:069][  0]LogUnrealEdMisc: Loading editor; pre map load, took 9.858
[2020.08.26-01.49.11:069][  0]Cmd: MAP LOAD FILE="C:/Users/Joe/Documents/Unreal Projects/FireWarrior/Content/FirstPersonBP/Maps/FirstPersonExampleMap.umap" TEMPLATE=0 SHOWPROGRESS=1 FEATURELEVEL=3
[2020.08.26-01.49.11:069][  0]LightingResults: New page: Lighting Build
[2020.08.26-01.49.11:070][  0]LogWorld: UWorld::CleanupWorld for Untitled, bSessionEnded=true, bCleanupResources=true
[2020.08.26-01.49.11:070][  0]LogSlate: InvalidateAllWidgets triggered.  All widgets were invalidated
[2020.08.26-01.49.11:070][  0]MapCheck: New page: Map Check
[2020.08.26-01.49.11:070][  0]LightingResults: New page: Lighting Build
[2020.08.26-01.49.11:080][  0]LogAISub: UAISubsystem::~UAISubsystem EnvQueryManager (0000024C85511200), frame # 0
[2020.08.26-01.49.11:080][  0]LogAISub: UAISubsystem::~UAISubsystem AIPerceptionSystem (0000024C8551E5C0), frame # 0
[2020.08.26-01.49.11:081][  0]LogUObjectHash: Compacting FUObjectHashTables data took   0.69ms
[2020.08.26-01.49.11:352][  0]LogAIModule: Creating AISystem for world FirstPersonExampleMap
[2020.08.26-01.49.11:352][  0]LogAISub: UAISubsystem::UAISubsystem EnvQueryManager (0000024C93EF7000), frame # 0
[2020.08.26-01.49.11:352][  0]LogAISub: UAISubsystem::UAISubsystem AIPerceptionSystem (0000024C93E99D00), frame # 0
[2020.08.26-01.49.11:359][  0]LogEditorServer: Finished looking for orphan Actors (0.000 secs)
[2020.08.26-01.49.11:376][  0]LogUObjectHash: Compacting FUObjectHashTables data took   0.79ms
[2020.08.26-01.49.11:377][  0]Cmd: MAP CHECKDEP NOCLEARLOG
[2020.08.26-01.49.11:377][  0]MapCheck: Map check complete: 0 Error(s), 0 Warning(s), took 0.159ms to complete.
[2020.08.26-01.49.11:377][  0]LogFileHelpers: Loading map 'FirstPersonExampleMap' took 0.308
[2020.08.26-01.49.11:378][  0]LogUnrealEdMisc: Total Editor Startup Time, took 10.167
[2020.08.26-01.49.11:517][  0]LogSlate: Updating window title bar state: overlay mode, drag disabled, window buttons hidden, title bar hidden
[2020.08.26-01.49.11:528][  0]LogSlate: Updating window title bar state: overlay mode, drag disabled, window buttons hidden, title bar hidden
[2020.08.26-01.49.11:545][  0]LogSlate: Updating window title bar state: overlay mode, drag disabled, window buttons hidden, title bar hidden
[2020.08.26-01.49.11:554][  0]LogSlate: Updating window title bar state: overlay mode, drag disabled, window buttons hidden, title bar hidden
[2020.08.26-01.49.11:569][  0]LogCollectionManager: Loaded 0 collections in 0.003552 seconds
[2020.08.26-01.49.11:596][  0]LogFileCache: Scanning file cache for directory 'C:/Users/Joe/Documents/Unreal Projects/FireWarrior/Saved/Collections/' took 0.00s
[2020.08.26-01.49.11:596][  0]LogFileCache: Scanning file cache for directory 'C:/Users/Joe/Documents/Unreal Projects/FireWarrior/Content/Developers/Joe/Collections/' took 0.00s
[2020.08.26-01.49.11:596][  0]LogFileCache: Scanning file cache for directory 'C:/Users/Joe/Documents/Unreal Projects/FireWarrior/Content/Collections/' took 0.00s
[2020.08.26-01.49.11:596][  0]LogContentBrowser: Native class hierarchy populated in 0.0195 seconds. Added 3407 classes and 805 folders.
[2020.08.26-01.49.11:600][  0]LogContentBrowser: Native class hierarchy updated for 'WidgetCarousel' in 0.0003 seconds. Added 0 classes and 0 folders.
[2020.08.26-01.49.11:778][  0]LogContentBrowser: Native class hierarchy updated for 'AddContentDialog' in 0.0003 seconds. Added 0 classes and 0 folders.
[2020.08.26-01.49.11:779][  0]LogContentBrowser: Native class hierarchy updated for 'SceneOutliner' in 0.0002 seconds. Added 2 classes and 0 folders.
[2020.08.26-01.49.11:949][  0]LogSlate: Took 0.000371 seconds to synchronously load lazily loaded font '../../../Engine/Content/Slate/Fonts/Roboto-Regular.ttf' (155K)
[2020.08.26-01.49.11:951][  0]LogSlate: Took 0.000325 seconds to synchronously load lazily loaded font '../../../Engine/Content/Slate/Fonts/Roboto-Bold.ttf' (160K)
[2020.08.26-01.49.11:959][  0]LogSlate: Took 0.000336 seconds to synchronously load lazily loaded font '../../../Engine/Content/Editor/Slate/Fonts/FontAwesome.ttf' (139K)
[2020.08.26-01.49.12:034][  0]LogRenderer: Reallocating scene render targets to support 1616x808 Format 10 NumSamples 1 (Frame:1).
[2020.08.26-01.49.12:172][  0]LogContentBrowser: Native class hierarchy updated for 'HierarchicalLODOutliner' in 0.0003 seconds. Added 0 classes and 0 folders.
[2020.08.26-01.49.12:172][  0]LogLoad: (Engine Initialization) Total time: 10.96 seconds
[2020.08.26-01.49.12:172][  0]LogLoad: (Engine Initialization) Total Blueprint compile time: 0.00 seconds
[2020.08.26-01.49.12:213][  0]LogAssetRegistry: Asset discovery search completed in 4.2603 seconds
[2020.08.26-01.49.12:217][  0]LogCollectionManager: Fixed up redirectors for 0 collections in 0.000002 seconds (updated 0 objects)
[2020.08.26-01.49.12:221][  0]LogContentStreaming: Texture pool size now 1000 MB
[2020.08.26-01.49.23:081][ 13]LogTexture: Display: Building textures: UE4Man_Logo_N (BC5, 512X512)
[2020.08.26-01.49.23:081][ 13]LogTexture: Display: Building textures: T_ML_Rubber_Blue_01_D (DXT1, 512X512)
[2020.08.26-01.49.23:081][ 13]LogTexture: Display: Building textures: UE4_Mannequin_occlusion_Mobile (DXT1, 512X512)
[2020.08.26-01.49.23:081][ 13]LogTexture: Display: Building textures: T_ML_Rubber_Blue_01_N (BC5, 512X512)
[2020.08.26-01.49.23:081][ 13]LogTexture: Display: Building textures: UE4_Mannequin_MAT_MASKA (AutoDXT, 1024X1024)
[2020.08.26-01.49.23:082][ 13]LogTexture: Display: Building textures: T_ML_Aluminum01_N (BC5, 512X512)
[2020.08.26-01.49.23:082][ 13]LogTexture: Display: Building textures: T_ML_Aluminum01 (DXT1, 512X512)
[2020.08.26-01.49.23:082][ 13]LogTexture: Display: Building textures: UE4_Mannequin__normals (BC5, 2048X2048)
[2020.08.26-01.49.23:082][ 13]LogMaterial: Display: Missing cached shader map for material M_UE4Man_Body, compiling. 
[2020.08.26-01.49.23:173][ 13]LogMaterial: Display: Missing cached shader map for material M_UE4Man_Body, compiling. 
[2020.08.26-01.49.23:212][ 13]LogShaderCompilers: Display: Worker (1/5): shaders left to compile 98
[2020.08.26-01.49.23:213][ 13]LogShaderCompilers: Display: Worker (2/5): shaders left to compile 88
[2020.08.26-01.49.23:213][ 13]LogShaderCompilers: Display: Worker (3/5): shaders left to compile 78
[2020.08.26-01.49.23:213][ 13]LogShaderCompilers: Display: Worker (4/5): shaders left to compile 68
[2020.08.26-01.49.23:213][ 13]LogSkeletalMesh: Building Skeletal Mesh SK_Mannequin...
[2020.08.26-01.49.23:282][ 13]LogSkeletalMesh: Built Skeletal Mesh [0.07s] /Game/AnimStarterPack/UE4_Mannequin/Mesh/SK_Mannequin.SK_Mannequin
[2020.08.26-01.49.26:237][188]LogShaderCompilers: Display: Worker (4/5): shaders left to compile 156
[2020.08.26-01.49.26:343][196]LogShaderCompilers: Display: Worker (1/5): shaders left to compile 146
[2020.08.26-01.49.27:263][270]LogShaderCompilers: Display: Worker (2/5): shaders left to compile 136
[2020.08.26-01.49.27:396][281]LogShaderCompilers: Display: Worker (3/5): shaders left to compile 126
[2020.08.26-01.49.29:701][458]LogShaderCompilers: Display: Worker (4/5): shaders left to compile 116
[2020.08.26-01.49.30:077][480]LogShaderCompilers: Display: Worker (1/5): shaders left to compile 106
[2020.08.26-01.49.30:902][546]Cmd: CAMERA ALIGN ACTIVEVIEWPORTONLY
[2020.08.26-01.49.30:943][549]LogShaderCompilers: Display: Worker (2/5): shaders left to compile 96
[2020.08.26-01.49.31:252][568]LogShaderCompilers: Display: Worker (3/5): shaders left to compile 86
[2020.08.26-01.49.33:684][758]LogShaderCompilers: Display: Worker (4/5): shaders left to compile 76
[2020.08.26-01.49.33:730][761]LogShaderCompilers: Display: Worker (2/5): shaders left to compile 66
[2020.08.26-01.49.34:466][824]LogShaderCompilers: Display: Worker (3/5): shaders left to compile 56
[2020.08.26-01.49.34:487][825]LogShaderCompilers: Display: Worker (1/5): shaders left to compile 46
[2020.08.26-01.49.36:158][951]LogShaderCompilers: Display: Worker (2/5): shaders left to compile 36
[2020.08.26-01.49.37:951][ 96]LogShaderCompilers: Display: Worker (4/5): shaders left to compile 26
[2020.08.26-01.49.37:951][ 96]LogShaderCompilers: Display: Worker (3/5): shaders left to compile 19
[2020.08.26-01.49.38:119][108]LogShaderCompilers: Display: Worker (1/5): shaders left to compile 14
[2020.08.26-01.49.39:708][235]LogShaderCompilers: Display: Worker (2/5): shaders left to compile 10
[2020.08.26-01.49.39:863][249]LogShaderCompilers: Display: Worker (1/5): shaders left to compile 7
[2020.08.26-01.49.39:920][254]LogShaderCompilers: Display: Worker (3/5): shaders left to compile 5
[2020.08.26-01.49.40:689][310]LogShaderCompilers: Display: Worker (2/5): shaders left to compile 3
[2020.08.26-01.49.40:689][310]LogShaderCompilers: Display: Worker (1/5): shaders left to compile 2
[2020.08.26-01.49.40:712][312]LogShaderCompilers: Display: Worker (4/5): shaders left to compile 1
[2020.08.26-01.49.47:923][113]LogSlate: Took 0.000295 seconds to synchronously load lazily loaded font '../../../Engine/Content/Slate/Fonts/Roboto-Light.ttf' (167K)
[2020.08.26-01.49.47:949][113]LogUObjectHash: Compacting FUObjectHashTables data took   0.59ms
[2020.08.26-01.49.47:981][113]LogSavePackage: Moving 'C:/Users/Joe/Documents/Unreal Projects/FireWarrior/Saved/FirstPersonExampleMap1D359989414D814D7FAA6CA180938A33.tmp' to 'C:/Users/Joe/Documents/Unreal Projects/FireWarrior/Content/FirstPersonBP/Maps/FirstPersonExampleMap.umap'
[2020.08.26-01.49.49:097][113]LogSavePackage: Moving 'C:/Users/Joe/Documents/Unreal Projects/FireWarrior/Saved/FirstPersonExampleMap_BuiltData92EF7E9D47833BBF79241AAEBFDBDA42.tmp' to 'C:/Users/Joe/Documents/Unreal Projects/FireWarrior/Content/FirstPersonBP/Maps/FirstPersonExampleMap_BuiltData.uasset'
[2020.08.26-01.49.49:123][113]AssetCheck: New page: Asset Save: multiple assets
[2020.08.26-01.49.49:123][113]LogContentValidation: Display: Validating World /Game/FirstPersonBP/Maps/FirstPersonExampleMap.FirstPersonExampleMap
[2020.08.26-01.49.49:123][113]LogContentValidation: Display: Validating MapBuildDataRegistry /Game/FirstPersonBP/Maps/FirstPersonExampleMap_BuiltData.FirstPersonExampleMap_BuiltData
[2020.08.26-01.49.54:429][677]SourceControl: fatal: F:/UE_4.25/Engine/Content: 'F:/UE_4.25/Engine/Content' is outside repository at 'C:/Users/Joe/Documents/Unreal Projects/FireWarrior'
[2020.08.26-01.49.54:429][677]SourceControl: fatal: F:/UE_4.25/Engine/Plugins/2D/Paper2D/Content: 'F:/UE_4.25/Engine/Plugins/2D/Paper2D/Content' is outside repository at 'C:/Users/Joe/Documents/Unreal Projects/FireWarrior'
[2020.08.26-01.49.54:430][677]SourceControl: fatal: F:/UE_4.25/Engine/Plugins/Developer/AnimationSharing/Content: 'F:/UE_4.25/Engine/Plugins/Developer/AnimationSharing/Content' is outside repository at 'C:/Users/Joe/Documents/Unreal Projects/FireWarrior'
[2020.08.26-01.49.54:430][677]SourceControl: fatal: F:/UE_4.25/Engine/Plugins/Editor/GeometryMode/Content: 'F:/UE_4.25/Engine/Plugins/Editor/GeometryMode/Content' is outside repository at 'C:/Users/Joe/Documents/Unreal Projects/FireWarrior'
[2020.08.26-01.49.54:430][677]SourceControl: fatal: F:/UE_4.25/Engine/Plugins/Enterprise/DatasmithContent/Content: 'F:/UE_4.25/Engine/Plugins/Enterprise/DatasmithContent/Content' is outside repository at 'C:/Users/Joe/Documents/Unreal Projects/FireWarrior'
[2020.08.26-01.49.54:430][677]SourceControl: fatal: F:/UE_4.25/Engine/Plugins/Experimental/ChaosClothEditor/Content: 'F:/UE_4.25/Engine/Plugins/Experimental/ChaosClothEditor/Content' is outside repository at 'C:/Users/Joe/Documents/Unreal Projects/FireWarrior'
[2020.08.26-01.49.54:430][677]SourceControl: fatal: F:/UE_4.25/Engine/Plugins/Experimental/ChaosNiagara/Content: 'F:/UE_4.25/Engine/Plugins/Experimental/ChaosNiagara/Content' is outside repository at 'C:/Users/Joe/Documents/Unreal Projects/FireWarrior'
[2020.08.26-01.49.54:430][677]SourceControl: fatal: F:/UE_4.25/Engine/Plugins/Experimental/ChaosSolverPlugin/Content: 'F:/UE_4.25/Engine/Plugins/Experimental/ChaosSolverPlugin/Content' is outside repository at 'C:/Users/Joe/Documents/Unreal Projects/FireWarrior'
[2020.08.26-01.49.54:430][677]SourceControl: fatal: F:/UE_4.25/Engine/Plugins/Experimental/GeometryCollectionPlugin/Content: 'F:/UE_4.25/Engine/Plugins/Experimental/GeometryCollectionPlugin/Content' is outside repository at 'C:/Users/Joe/Documents/Unreal Projects/FireWarrior'
[2020.08.26-01.49.54:430][677]SourceControl: fatal: F:/UE_4.25/Engine/Plugins/Experimental/GeometryProcessing/Content: 'F:/UE_4.25/Engine/Plugins/Experimental/GeometryProcessing/Content' is outside repository at 'C:/Users/Joe/Documents/Unreal Projects/FireWarrior'
[2020.08.26-01.49.54:430][677]SourceControl: fatal: F:/UE_4.25/Engine/Plugins/FX/Niagara/Content: 'F:/UE_4.25/Engine/Plugins/FX/Niagara/Content' is outside repository at 'C:/Users/Joe/Documents/Unreal Projects/FireWarrior'
[2020.08.26-01.49.54:430][677]SourceControl: fatal: F:/UE_4.25/Engine/Plugins/Lumin/MagicLeap/Content: 'F:/UE_4.25/Engine/Plugins/Lumin/MagicLeap/Content' is outside repository at 'C:/Users/Joe/Documents/Unreal Projects/FireWarrior'
[2020.08.26-01.49.54:430][677]SourceControl: fatal: F:/UE_4.25/Engine/Plugins/Lumin/MagicLeapPassableWorld/Content: 'F:/UE_4.25/Engine/Plugins/Lumin/MagicLeapPassableWorld/Content' is outside repository at 'C:/Users/Joe/Documents/Unreal Projects/FireWarrior'
[2020.08.26-01.49.54:430][677]SourceControl: fatal: F:/UE_4.25/Engine/Plugins/Media/MediaCompositing/Content: 'F:/UE_4.25/Engine/Plugins/Media/MediaCompositing/Content' is outside repository at 'C:/Users/Joe/Documents/Unreal Projects/FireWarrior'
[2020.08.26-01.49.54:430][677]SourceControl: fatal: F:/UE_4.25/Engine/Plugins/MovieScene/MovieRenderPipeline/Content: 'F:/UE_4.25/Engine/Plugins/MovieScene/MovieRenderPipeline/Content' is outside repository at 'C:/Users/Joe/Documents/Unreal Projects/FireWarrior'
[2020.08.26-01.49.54:430][677]SourceControl: fatal: F:/UE_4.25/Engine/Plugins/Runtime/PostSplashScreen/Content: 'F:/UE_4.25/Engine/Plugins/Runtime/PostSplashScreen/Content' is outside repository at 'C:/Users/Joe/Documents/Unreal Projects/FireWarrior'
[2020.08.26-01.49.54:843][677]LogFileHelpers: Warning: FilenameToLongPackageName failed to convert '../../../Engine/Plugins/Runtime/Oculus/OculusVR/Content/OculusMR_GreenKey.uasset'. Attempt result was '../../../Engine/Plugins/Runtime/Oculus/OculusVR/Content/OculusMR_GreenKey', but the path contains illegal characters '.'
[2020.08.26-01.49.54:843][677]LogFileHelpers: Warning: FilenameToLongPackageName failed to convert '../../../Engine/Plugins/Runtime/Oculus/OculusVR/Content/Materials/GearVRControllerMaterial.uasset'. Attempt result was '../../../Engine/Plugins/Runtime/Oculus/OculusVR/Content/Materials/GearVRControllerMaterial', but the path contains illegal characters '.'
[2020.08.26-01.49.54:843][677]LogFileHelpers: Warning: FilenameToLongPackageName failed to convert '../../../Engine/Plugins/Runtime/Oculus/OculusVR/Content/Materials/OculusGoControllerMaterial.uasset'. Attempt result was '../../../Engine/Plugins/Runtime/Oculus/OculusVR/Content/Materials/OculusGoControllerMaterial', but the path contains illegal characters '.'
[2020.08.26-01.49.54:843][677]LogFileHelpers: Warning: FilenameToLongPackageName failed to convert '../../../Engine/Plugins/Runtime/Oculus/OculusVR/Content/Materials/OculusMR_ChromaKey.uasset'. Attempt result was '../../../Engine/Plugins/Runtime/Oculus/OculusVR/Content/Materials/OculusMR_ChromaKey', but the path contains illegal characters '.'
[2020.08.26-01.49.54:843][677]LogFileHelpers: Warning: FilenameToLongPackageName failed to convert '../../../Engine/Plugins/Runtime/Oculus/OculusVR/Content/Materials/OculusMR_ChromaKey_Lit.uasset'. Attempt result was '../../../Engine/Plugins/Runtime/Oculus/OculusVR/Content/Materials/OculusMR_ChromaKey_Lit', but the path contains illegal characters '.'
[2020.08.26-01.49.54:843][677]LogFileHelpers: Warning: FilenameToLongPackageName failed to convert '../../../Engine/Plugins/Runtime/Oculus/OculusVR/Content/Materials/OculusMR_OpaqueColoredMaterial.uasset'. Attempt result was '../../../Engine/Plugins/Runtime/Oculus/OculusVR/Content/Materials/OculusMR_OpaqueColoredMaterial', but the path contains illegal characters '.'
[2020.08.26-01.49.54:843][677]LogFileHelpers: Warning: FilenameToLongPackageName failed to convert '../../../Engine/Plugins/Runtime/Oculus/OculusVR/Content/Materials/OculusMR_WhiteMaterial.uasset'. Attempt result was '../../../Engine/Plugins/Runtime/Oculus/OculusVR/Content/Materials/OculusMR_WhiteMaterial', but the path contains illegal characters '.'
[2020.08.26-01.49.54:843][677]LogFileHelpers: Warning: FilenameToLongPackageName failed to convert '../../../Engine/Plugins/Runtime/Oculus/OculusVR/Content/Materials/PokeAHoleMaterial.uasset'. Attempt result was '../../../Engine/Plugins/Runtime/Oculus/OculusVR/Content/Materials/PokeAHoleMaterial', but the path contains illegal characters '.'
[2020.08.26-01.49.54:843][677]LogFileHelpers: Warning: FilenameToLongPackageName failed to convert '../../../Engine/Plugins/Runtime/Oculus/OculusVR/Content/Materials/touchController_mat.uasset'. Attempt result was '../../../Engine/Plugins/Runtime/Oculus/OculusVR/Content/Materials/touchController_mat', but the path contains illegal characters '.'
[2020.08.26-01.49.54:843][677]LogFileHelpers: Warning: FilenameToLongPackageName failed to convert '../../../Engine/Plugins/Runtime/Oculus/OculusVR/Content/Materials/TouchForQuestRiftSControllerMaterial.uasset'. Attempt result was '../../../Engine/Plugins/Runtime/Oculus/OculusVR/Content/Materials/TouchForQuestRiftSControllerMaterial', but the path contains illegal characters '.'
[2020.08.26-01.49.54:844][677]LogFileHelpers: Warning: FilenameToLongPackageName failed to convert '../../../Engine/Plugins/Runtime/Oculus/OculusVR/Content/Meshes/GearVrController.uasset'. Attempt result was '../../../Engine/Plugins/Runtime/Oculus/OculusVR/Content/Meshes/GearVrController', but the path contains illegal characters '.'
[2020.08.26-01.49.54:844][677]LogFileHelpers: Warning: FilenameToLongPackageName failed to convert '../../../Engine/Plugins/Runtime/Oculus/OculusVR/Content/Meshes/LeftTouchController.uasset'. Attempt result was '../../../Engine/Plugins/Runtime/Oculus/OculusVR/Content/Meshes/LeftTouchController', but the path contains illegal characters '.'
[2020.08.26-01.49.54:844][677]LogFileHelpers: Warning: FilenameToLongPackageName failed to convert '../../../Engine/Plugins/Runtime/Oculus/OculusVR/Content/Meshes/LeftTouchForQuestRiftSController.uasset'. Attempt result was '../../../Engine/Plugins/Runtime/Oculus/OculusVR/Content/Meshes/LeftTouchForQuestRiftSController', but the path contains illegal characters '.'
[2020.08.26-01.49.54:844][677]LogFileHelpers: Warning: FilenameToLongPackageName failed to convert '../../../Engine/Plugins/Runtime/Oculus/OculusVR/Content/Meshes/OculusGoController.uasset'. Attempt result was '../../../Engine/Plugins/Runtime/Oculus/OculusVR/Content/Meshes/OculusGoController', but the path contains illegal characters '.'
[2020.08.26-01.49.54:844][677]LogFileHelpers: Warning: FilenameToLongPackageName failed to convert '../../../Engine/Plugins/Runtime/Oculus/OculusVR/Content/Meshes/RiftHMD.uasset'. Attempt result was '../../../Engine/Plugins/Runtime/Oculus/OculusVR/Content/Meshes/RiftHMD', but the path contains illegal characters '.'
[2020.08.26-01.49.54:844][677]LogFileHelpers: Warning: FilenameToLongPackageName failed to convert '../../../Engine/Plugins/Runtime/Oculus/OculusVR/Content/Meshes/RiftSensorHead.uasset'. Attempt result was '../../../Engine/Plugins/Runtime/Oculus/OculusVR/Content/Meshes/RiftSensorHead', but the path contains illegal characters '.'
[2020.08.26-01.49.54:844][677]LogFileHelpers: Warning: FilenameToLongPackageName failed to convert '../../../Engine/Plugins/Runtime/Oculus/OculusVR/Content/Meshes/RiftSensorStem.uasset'. Attempt result was '../../../Engine/Plugins/Runtime/Oculus/OculusVR/Content/Meshes/RiftSensorStem', but the path contains illegal characters '.'
[2020.08.26-01.49.54:844][677]LogFileHelpers: Warning: FilenameToLongPackageName failed to convert '../../../Engine/Plugins/Runtime/Oculus/OculusVR/Content/Meshes/RightTouchController.uasset'. Attempt result was '../../../Engine/Plugins/Runtime/Oculus/OculusVR/Content/Meshes/RightTouchController', but the path contains illegal characters '.'
[2020.08.26-01.49.54:844][677]LogFileHelpers: Warning: FilenameToLongPackageName failed to convert '../../../Engine/Plugins/Runtime/Oculus/OculusVR/Content/Meshes/RightTouchForQuestRiftSController.uasset'. Attempt result was '../../../Engine/Plugins/Runtime/Oculus/OculusVR/Content/Meshes/RightTouchForQuestRiftSController', but the path contains illegal characters '.'
[2020.08.26-01.49.54:844][677]LogFileHelpers: Warning: FilenameToLongPackageName failed to convert '../../../Engine/Plugins/Runtime/Oculus/OculusVR/Content/Textures/GearVRController_AO.uasset'. Attempt result was '../../../Engine/Plugins/Runtime/Oculus/OculusVR/Content/Textures/GearVRController_AO', but the path contains illegal characters '.'
[2020.08.26-01.49.54:844][677]LogFileHelpers: Warning: FilenameToLongPackageName failed to convert '../../../Engine/Plugins/Runtime/Oculus/OculusVR/Content/Textures/GearVRController_Color.uasset'. Attempt result was '../../../Engine/Plugins/Runtime/Oculus/OculusVR/Content/Textures/GearVRController_Color', but the path contains illegal characters '.'
[2020.08.26-01.49.54:844][677]LogFileHelpers: Warning: FilenameToLongPackageName failed to convert '../../../Engine/Plugins/Runtime/Oculus/OculusVR/Content/Textures/GearVRController_Normal.uasset'. Attempt result was '../../../Engine/Plugins/Runtime/Oculus/OculusVR/Content/Textures/GearVRController_Normal', but the path contains illegal characters '.'
[2020.08.26-01.49.54:844][677]LogFileHelpers: Warning: FilenameToLongPackageName failed to convert '../../../Engine/Plugins/Runtime/Oculus/OculusVR/Content/Textures/OculusGoController_albedo.uasset'. Attempt result was '../../../Engine/Plugins/Runtime/Oculus/OculusVR/Content/Textures/OculusGoController_albedo', but the path contains illegal characters '.'
[2020.08.26-01.49.54:844][677]LogFileHelpers: Warning: FilenameToLongPackageName failed to convert '../../../Engine/Plugins/Runtime/Oculus/OculusVR/Content/Textures/touchController_albedo.uasset'. Attempt result was '../../../Engine/Plugins/Runtime/Oculus/OculusVR/Content/Textures/touchController_albedo', but the path contains illegal characters '.'
[2020.08.26-01.49.54:844][677]LogFileHelpers: Warning: FilenameToLongPackageName failed to convert '../../../Engine/Plugins/Runtime/Oculus/OculusVR/Content/Textures/touchController_controlmap.uasset'. Attempt result was '../../../Engine/Plugins/Runtime/Oculus/OculusVR/Content/Textures/touchController_controlmap', but the path contains illegal characters '.'
[2020.08.26-01.49.54:844][677]LogFileHelpers: Warning: FilenameToLongPackageName failed to convert '../../../Engine/Plugins/Runtime/Oculus/OculusVR/Content/Textures/TouchForQuestRiftSController_albedo.uasset'. Attempt result was '../../../Engine/Plugins/Runtime/Oculus/OculusVR/Content/Textures/TouchForQuestRiftSController_albedo', but the path contains illegal characters '.'
[2020.08.26-01.49.54:844][677]LogFileHelpers: Warning: FilenameToLongPackageName failed to convert '../../../Engine/Plugins/Runtime/Steam/SteamVR/Content/Materials/M_DefaultDevice.uasset'. Attempt result was '../../../Engine/Plugins/Runtime/Steam/SteamVR/Content/Materials/M_DefaultDevice', but the path contains illegal characters '.'
[2020.08.26-01.50.38:546][677]LogSlate: Window 'Submit Files' being destroyed
[2020.08.26-01.50.40:778][677]LogSourceControl: commit successful: [Joe-Branch 781ebe4] Added an anim starter pack, temp weapons pack, and mannequin to the scene
[2020.08.26-01.50.41:022][677]SourceControl: [Joe-Branch 781ebe4] Added an anim starter pack, temp weapons pack, and mannequin to the scene
[2020.08.26-01.50.41:022][677]SourceControl:  30 files changed, 0 insertions(+), 0 deletions(-)
[2020.08.26-01.50.41:022][677]SourceControl:  create mode 100644 Content/AnimStarterPack/Aim_Space_Hip.uasset
[2020.08.26-01.50.41:022][677]SourceControl:  create mode 100644 Content/AnimStarterPack/Aim_Space_Ironsights.uasset
[2020.08.26-01.50.41:022][677]SourceControl:  create mode 100644 Content/AnimStarterPack/BS_CrouchWalk.uasset
[2020.08.26-01.50.41:022][677]SourceControl:  create mode 100644 Content/AnimStarterPack/BS_Jog.uasset
[2020.08.26-01.50.41:022][677]SourceControl:  create mode 100644 Content/AnimStarterPack/Crouch_Idle_Rifle_Hip.uasset
[2020.08.26-01.50.41:022][677]SourceControl:  create mode 100644 Content/AnimStarterPack/Crouch_Idle_Rifle_Ironsights.uasset
[2020.08.26-01.50.41:022][677]SourceControl:  create mode 100644 Content/AnimStarterPack/Crouch_Walk_Bwd_Rifle_Hip.uasset
[2020.08.26-01.50.41:022][677]SourceControl:  create mode 100644 Content/AnimStarterPack/Crouch_Walk_Bwd_Rifle_Ironsights.uasset
[2020.08.26-01.50.41:022][677]SourceControl:  create mode 100644 Content/AnimStarterPack/Crouch_Walk_Fwd_Rifle_Hip.uasset
[2020.08.26-01.50.41:022][677]SourceControl:  create mode 100644 Content/AnimStarterPack/Crouch_Walk_Fwd_Rifle_Ironsights.uasset
[2020.08.26-01.50.41:022][677]SourceControl:  create mode 100644 Content/AnimStarterPack/Crouch_Walk_Lt_Rifle_Hip.uasset
[2020.08.26-01.50.41:022][677]SourceControl:  create mode 100644 Content/AnimStarterPack/Crouch_Walk_Lt_Rifle_Ironsights.uasset
[2020.08.26-01.50.41:022][677]SourceControl:  create mode 100644 Content/AnimStarterPack/Crouch_Walk_Rt_Rifle_Hip.uasset
[2020.08.26-01.50.41:022][677]SourceControl:  create mode 100644 Content/AnimStarterPack/Crouch_Walk_Rt_Rifle_Ironsights.uasset
[2020.08.26-01.50.41:022][677]SourceControl:  create mode 100644 Content/AnimStarterPack/Crouch_to_Stand_Rifle_Hip.uasset
[2020.08.26-01.50.41:022][677]SourceControl:  create mode 100644 Content/AnimStarterPack/Crouch_to_Stand_Rifle_Ironsights.uasset
[2020.08.26-01.50.41:022][677]SourceControl:  create mode 100644 Content/AnimStarterPack/Death_1.uasset
[2020.08.26-01.50.41:022][677]SourceControl:  create mode 100644 Content/AnimStarterPack/Death_2.uasset
[2020.08.26-01.50.41:022][677]SourceControl:  create mode 100644 Content/AnimStarterPack/Death_3.uasset
[2020.08.26-01.50.41:022][677]SourceControl:  create mode 100644 Content/AnimStarterPack/Death_Ironsights_1.uasset
[2020.08.26-01.50.41:022][677]SourceControl:  create mode 100644 Content/AnimStarterPack/Death_Ironsights_2.uasset
[2020.08.26-01.50.41:022][677]SourceControl:  create mode 100644 Content/AnimStarterPack/Equip_Pistol_Standing.uasset
[2020.08.26-01.50.41:022][677]SourceControl:  create mode 100644 Content/AnimStarterPack/Equip_Rifle_Standing.uasset
[2020.08.26-01.50.41:022][677]SourceControl:  create mode 100644 Content/AnimStarterPack/Fire_Rifle_Hip.uasset
[2020.08.26-01.50.41:022][677]SourceControl:  create mode 100644 Content/AnimStarterPack/Fire_Rifle_Ironsights.uasset
[2020.08.26-01.50.41:022][677]SourceControl:  create mode 100644 Content/AnimStarterPack/UE4_Mannequin/Mesh/SK_Mannequin.uasset
[2020.08.26-01.50.41:022][677]SourceControl:  create mode 100644 Content/AnimStarterPack/UE4_Mannequin/Mesh/SK_Mannequin_PhysicsAsset.uasset
[2020.08.26-01.50.41:022][677]SourceControl:  create mode 100644 Content/AnimStarterPack/UE4_Mannequin/Mesh/UE4_Mannequin_Skeleton.uasset
[2020.08.26-01.50.41:028][677]SourceControl: Commited [Joe-Branch 781ebe4] Added an anim starter pack, temp weapons pack, and mannequin to the scene.
